1
0EFDATAAG1S              H0/R     -692.9470MP       1234.0000NT         50.000017
0EFDATAAL1S              H0/R     -545.9966MP        933.5200NT         53.000018
0EFDATAAR1G              H0/R     -745.3750MP          0.0000NT         61.000021
0EFDATAB 1S              H0/R     -146.9430MP       2350.0000NT         53.000018
0EFDATABA1S              H0/R     -831.3351MP       1000.0000NT         41.000014
0EFDATABE1S              H0/R     -235.5114MP       1556.0000NT         63.000021
0EFDATABR2S              H0/R    -2948.3943MP        265.9000NT         18.0000 6
0EFDATAC 1S              H0/R     -126.3106MP           .0000NT         61.000021
0EFDATACA1S              H0/R     -689.9276MP       1112.0000NT         65.000022
0EFDATACD1S              H0/R         .0000MP        594.0000NT         51.000017
0EFDATACU1S              H0/R     -602.3657MP       1358.0000NT         51.000017
0EFDATACL2G              H0/R    -1104.0855MP          0.    NT         61.000021
0EFDATACR1S              H0/R     -488.1326MP       2130.0000NT         63.000021
0EFDATACS1S              H0/R     -927.9551MP        301.5500NT         18.0000 6
0EFDATAD 2G              H0/R    -1030.6140MP           .0000NT         61.000021
0EFDATAE 1G              H0/R     -745.3750MP          0.    NT         61.000021
0EFDATAF 2G              H0/R    -1061.7806MP          0.    NT         61.000021
0EFDATAFE1S              H0/R     -541.9708MP       1809.0000NT         67.000023
0EFDATAH 2G              H0/R    -1018.5364MP           .0000NT         61.000021
0EFDATAHE1G              H0/R     -745.4106MP          0.    NT         61.000021
0EFDATAHG1L              H0/R        0.0000MP          0.0000NT         49.000017
0EFDATAI 2S              H0/R    -1587.1858MP        386.7500NT         53.000018
0EFDATAK 1S              H0/R     -851.9675MP        336.3500NT         23.0000 8
0EFDATALI1S              H0/R     -556.0686MP        453.6900NT         43.000015
0EFDATAMG1S              H0/R     -601.8624MP        922.0000NT         53.000018
0EFDATAN 2G              H0/R    -1042.6915MP           .0000NT         61.000021
0                                                                                                                                 
1


0EFDATANA1S              H0/R     -775.4766MP        370.9800NT         23.0000 8
0EFDATANB1S              H0/R     -632.0562MP       2750.0000NT         53.000018
0EFDATANE1G              H0/R     -745.4106MP          0.    NT         61.000021
0EFDATANI1S              H0/R     -575.6945MP       1728.0000NT         65.000022
0EFDATAO 2G              H0/R    -1044.3643MP           .0000NT         61.000021
0EFDATAP 1S              H0/R     -433.7838MP          0.    NT         10.0000 4
0EFDATAPB1S              H0/R     -827.3092MP        600.5800NT         33.000011
0EFDATAS 1S              H0/R     -530.4039MP        388.3600NT         52.000018
0EFDATASI1S              H0/R     -386.9835MP       1685.0000NT         53.000018
0EFDATASN1S              H0/R         .0000MP        505.0000NT         52.000018
0EFDATASR1S              H0/R     -764.9088MP       1041.0000NT         53.000018
0EFDATATA1S              H0/R     -683.3856MP       3258.0000NT         53.000018
0EFDATATI1S              H0/R     -580.7189MP       1939.0000NT         55.000019
0EFDATATH1S              H0/R     -783.0250MP       2028.0000NT         52.000018
0EFDATAV 1S              H0/R     -558.0815MP       2190.0000NT         53.000018
0EFDATAZN1S              H0/R     -680.8695MP        692.7300NT         63.000021
0EFDATAZR1S              H0/R     -661.2345MP       2125.0000NT         55.000019
0EFDATA                                                                         0
1
0                                                                               0
0C8H18                   HF298  -53540.                                         0
0ISOMERI-                                                                       0
0REFN  API               23-2   1.203      TUVW                                 0
0REFN  API               OCT 31 1974.      DEC 31 1973.                         0
0DATE  P10/74                                                                   0
0LSTS                                                                           0
0LOGK                                                                           0
0                                                                                                       I-C8H18                   
1


0METH  READ                                                                     0
0IC3H18T        200.000  CP       31.2100  H-H0  3945.000    S         86.76000 0
0IC3H18T        298.150  CP       45.0300  H-H0  7690.000    S        101.31000 0
0IC3H18T        300.000  CP       45.2800  H-H0  7780.000    S        101.58000 0
0IC3H18T        400.000  CP       58.4600  H-H0  12980.00    S        116.34000 0
0IC3H18T        500.000  CP       70.1300  H-H0  19410.00    S        130.62000 0
0IC3H18T        600.000  CP       80.2000  H-H0  26940.00    S        144.30000 0
0IC3H18T        700.000  CP       88.9000  H-H0  35410.00    S        157.30000 0
0IC3H18T        800.000  CP       96.4000  H-H0  44700.00    S        169.60000 0
0IC3H18T        900.000  CP      102.9000  H-H0  54600.00    S        181.40000 0
0IC3H18T       1000.000  CP      108.7000  H-H0  65200.00    S        192.50000 0
0WILH                                                                           0
 
 
 
 
 
 
 
 
 
 
 
 
 
 
 
 
 
 
 
 
 
 
 
 
 
0                                                                                                       I-C8H18                   
1


0TEMP  T      1100.      I     100.        T       5000.                        0
0FINISH                                                                         0
 
 
 
 
 
 
 
 
 
 
 
 
 
 
 
 
 
 
 
 
 
 
 
 
 
 
 
 
 
 
 
 
 
 
 
 
 
 
 
 
 
 
 
 
 
0                                                                                                       I-C8H18                   
1


0   WILHOIT COEFFICIENTS
0   A(0) = -0.103290877E+01     A(1) =  0.207337715E+01     A(2) = -0.288706908E+01     A(3) = -0.822182148E+00
0INTEGRATION CONSTANTS:    H/R =-0.703965201E+07     S/R =-0.259732064E+05
0B =  400.0     CPO/R =   4.0000     CPI/R =  76.0000     NON-LINEAR     NO. ATOMS =  26

 
 
 
 
 
 
 
 
 
 
 
 
 
 
 
 
 
 
 
 
 
 
 
 
 
 
 
 
 
 
 
 
 
 
 
 
 
 
 
 
 
 
0                                                                                                       I-C8H18                   
1


0 LEAST SQUARES

0       T      CP/R INPUT    CP/R CALC     HH/RT INPUT   HH/RT CALC      S/R INPUT     S/R CALC      -FH/RT INPUT    -FH/RT CALC
               INPUT-CALC     FRACTION      INPUT-CALC    FRACTION       INPUT-CALC     FRACTION       INPUT-CALC    FRACTION
      298.15   22.6601148   22.6489942     12.9793127   12.9959020      50.9814833    50.8883532      38.0021706    37.8924512
                0.0111206    0.0004908     -0.0165893   -0.0012781       0.0931301     0.0018267       0.1097194     0.0028872
      300.00   22.7859204   22.7778350     13.0502404   13.0558270      51.1173562    51.0288531      38.0671158    37.9730261
                0.0080855    0.0003548     -0.0055866   -0.0004281       0.0885031     0.0017314       0.0940897     0.0024717
      400.00   29.4183949   29.3769997     16.3295746   16.3263825      58.5449181    58.5027967      42.2153435    42.1764142
                0.0413952    0.0014071      0.0031921    0.0001955       0.0421214     0.0007195       0.0389293     0.0009222
      500.00   35.2910022   35.2295576     19.5351028   19.5344158      65.7309379    65.7008949      46.1958351    46.1664791
                0.0614446    0.0017411      0.0006870    0.0000352       0.0300430     0.0004571       0.0293560     0.0006355
      600.00   40.3584540   40.3277981     22.5946964   22.5854456      72.6150288    72.5859255      50.0203323    50.0004799
                0.0306560    0.0007596      0.0092508    0.0004094       0.0291032     0.0004008       0.0198524     0.0003969
      700.00   44.7364933   44.7119230     25.4558766   25.4413006      79.1569226    79.1404293      53.7010460    53.6991286
                0.0245702    0.0005492      0.0145759    0.0005726       0.0164933     0.0002084       0.0019173     0.0000357
      800.00   48.5106630   48.4700457     28.1175649   28.0909150      85.3465612    85.3625123      57.2289963    57.2715973
                0.0406173    0.0008373      0.0266499    0.0009478      -0.0159511    -0.0001869      -0.0426010    -0.0007444
      900.00   51.7816102   51.7381923     30.5288400   30.5405932      91.2845850    91.2641448      60.7557449    60.7235515
                0.0434179    0.0008385     -0.0117532   -0.0003850       0.0204402     0.0002239       0.0321934     0.0005299
     1000.00   54.7002992   54.7002982     32.8101160   32.8101158      96.8703577    96.8703613      64.0602417    64.0602455
                0.0000010    0.0000000      0.0000002    0.0000000      -0.0000036     0.0000000      -0.0000038    -0.0000001
   MAX-REL ERR CP/R  =  0.001741    TEMP =   500.      AVER REL ERR CP/R  =  0.000775      REL LST SQ ERR CP/R  =  0.000923
   MAX REL ERR HH/RT =  0.001278    TEMP =   298.      AVER REL ERR HH/RT =  0.000472      REL LST SQ ERR HH/RT =  0.000614
   MAX REL ERR S/R   =  0.001827    TEMP =   298.      AVER REL ERR S/R   =  0.000639      REL LST SQ ERR S/R   =  0.000904
   MAX REL ERR FH/RT =  0.002887    TEMP =   298.      AVER REL ERR FH/RT =  0.000958      REL LST SQ ERR FH/RT =  0.001362
       MAX ERR CP/R  =  0.061445    TEMP.=   500.          AVER ERR CP/R  =  0.029034          LST SQ ERR CP/R  =  0.034571
       MAX ERR HH/RT =  0.026650    TEMP =   800.          AVER ERR HH/RT =  0.009809          LST SQ ERR HH/RT =  0.012752
       MAX ERR S/R   =  0.093130    TEMP =   298.          AVER ERR S/R   =  0.037310          LST SQ ERR S/R   =  0.048275
       MAX ERR FH/RT =  0.109719    TEMP =   298.          AVER ERR FH/RT =  0.040962          LST SQ ERR FH/RT =  0.054281
 CP/R =   -7.0351819E-01T** 0.0   8.4691461E-02T** 1.0  -1.2031940E-05T** 2.0  -3.7219011E-08T** 3.0   1.9963306E-11T** 4.0

 (H-H0)/R CONSTANT =  0.49064161E+03, H/R(A6) CONSTANT =-0.30321680E+05, S/R CONSTANT = 0.30470112E+02
0       T      CP/R INPUT    CP/R CALC     HH/RT INPUT   HH/RT CALC      S/R INPUT     S/R CALC      -FH/RT INPUT    -FH/RT CALC
               INPUT-CALC     FRACTION      INPUT-CALC    FRACTION       INPUT-CALC     FRACTION       INPUT-CALC    FRACTION
     1000.00   54.7002992   54.7003000     32.8101160   32.8096447      96.8703577    96.8703618      64.0602417    64.0607171
               -0.0000008    0.0000000      0.0004713    0.0000144      -0.0000041     0.0000000      -0.0004754    -0.0000074
     1100.00  377.3494915 1020.0114649    119.4229177   80.2270675     362.5225962   148.9796225     243.0996785    68.7525549
             -642.6619735   -1.7030948     39.1958501    0.3282105     213.5429737     0.5890473     174.3471236     0.7171837
     1200.00  392.3072428 1791.4617632    190.9614187  191.9591611     617.6394563   272.1370441     426.6780376    80.1778830
            -1399.1545204   -3.5664764     -0.9977424   -0.0052248     345.5024122     0.5593917     346.5001546     0.8120881
     1300.00  405.3122105 2389.7642237    252.9160928  339.0549589     872.8872682   440.2437864     619.9711754   101.1888274
            -1984.4520132   -4.8961072    -86.1388661   -0.3405828     432.6434818     0.4956465     518.7823479     0.8367846
     1400.00  416.6621288 2834.6225734    313.0581007  502.2787122    1158.9588358   634.5134359     845.9007351   132.2347237
            -2417.9604446   -5.8031683   -189.2206115   -0.6044265     524.4453999     0.4525143     713.6660114     0.8436758
0                                                                                                       I-C8H18                   
1


     1500.00  426.6052431 3144.7293892    364.8655514  668.8037584    1437.9194710   841.3797359    1073.0539196   172.5759774
            -2718.1241461   -6.3715207   -303.9382071   -0.8330143     596.5397351     0.4148631     900.4779422     0.8391731
     1600.00  435.3484498 3337.7673122    409.3211335  830.1467753    1706.8786924  1051.0817556    1297.5575589   220.9349803
            -2902.4188624   -6.6668869   -420.8256418   -1.0281063     655.7969368     0.3842083    1076.6225786     0.8297301
     1700.00  443.0644098 3430.4111979    446.9618759  980.8314189    1961.5071726  1256.6791007    1514.5452968   275.8476818
            -2987.3467881   -6.7424662   -533.8695430   -1.1944409     704.8280720     0.3593298    1238.6976150     0.8178677
     1800.00  449.8975593 3438.3260766    484.5301150 1117.4966058    2239.9668406  1453.3479436    1755.4367256   335.8513378
            -2988.4285172   -6.6424644   -632.9664907   -1.3063512     786.6188970     0.3511743    1419.5853878     0.8086793
     1900.00  455.9690934 3376.1649453    519.8358454 1238.2861376    2527.0040220  1637.8673161    2007.1681765   399.5811785
            -2920.1958519   -6.4043723   -718.4502921   -1.3820715     889.1367059     0.3518541    1607.5869981     0.8009229
     2000.00  461.3810573 3257.5757199    540.1515824 1342.4236477    2725.2619121  1808.2403305    2185.1103297   465.8166828
            -2796.1946626   -6.0604887   -802.2720653   -1.4852721     917.0215816     0.3364893    1719.2936468     0.7868224
     2100.00  466.2196886 3095.1889879    551.6740980 1429.9045639    2866.8691653  1963.4018669    2315.1950674   533.4973030
            -2628.9692993   -5.6389066   -878.2304660   -1.5919371     903.4672984     0.3151407    1781.6977643     0.7695670
     2200.00  470.5581411 2900.6398531    558.6417088 1501.2798369    2977.0791195  2103.0048544    2418.4374107   601.7250174
            -2430.0817120   -5.1642539   -942.6381282   -1.6873751     874.0742651     0.2936013    1816.7123933     0.7511926
     2300.00  474.4587057 2684.5316381    571.6823655 1557.4829899    3142.3886074  2227.2363598    2570.7062419   669.7533699
            -2210.0729324   -4.6580933   -985.8006244   -1.7243852     915.1522476     0.2912282    1900.9528720     0.7394672
     2400.00  477.9746235 2456.4800157    579.5473039 1599.7182280    3268.8925498  2336.6970511    2689.3452460   736.9788231
            -1978.5053923   -4.1393524  -1020.1709241   -1.7602893     932.1954988     0.2851717    1952.3664229     0.7259635
     2500.00  481.1515686 2225.0777047    588.0952906 1629.3583011    3405.7192417  2432.2819924    2817.6239511   802.9236913
            -1743.9261361   -3.6244839  -1041.2630105   -1.7705685     973.4372493     0.2858243    2014.7002598     0.7150352
     2600.00  484.0288656 1997.9125603    597.3048006 1647.8768105    3553.5863599  2515.0995859    2956.2815593   867.2227755
            -1513.8836947   -3.1276723  -1050.5720099   -1.7588541    1038.4867739     0.2922363    2089.0587838     0.7066508
     2700.00  486.6404907 1781.5697855    602.6661221 1656.7933092    3667.8632837  2586.4028777    3065.1971616   929.6095685
            -1294.9292948   -2.6609567  -1054.1271871   -1.7491064    1081.4604060     0.2948475    2135.5875931     0.6967211
     2800.00  489.0158989 1581.6050070    612.2204925 1657.6223464    3828.5293303  2647.5226685    3216.3088378   989.9003221
            -1092.5891080   -2.2342609  -1045.4018539   -1.7075578    1181.0066618     0.3084753    2226.4085157     0.6922247
     2900.00  491.1807093 1402.5775975    618.5298393 1651.8472325    3959.7696400  2699.8317401    3341.2398007  1047.9845076
             -911.3968883   -1.8555226  -1033.3173932   -1.6706023    1259.9378999     0.3181846    2293.2552931     0.6863486
     3000.00  493.1572750 1248.0575110    624.4285170 1640.8932659    4089.8352282  2744.7068069    3465.4067112  1103.8135409
             -754.9002360   -1.5307495  -1016.4647489   -1.6278320    1345.1284214     0.3288955    2361.5931703     0.6814765
     3100.00  494.9651590 1120.5564474    632.1033584 1626.0892890    4243.7014733  2783.4747789    3611.5981149  1157.3854900
             -625.5912884   -1.2639097   -993.9859306   -1.5725054    1460.2266943     0.3440927    2454.2126249     0.6795365
     3200.00  496.6215324 1021.6112496    636.3913533 1608.6688672    4361.6856664  2817.4105745    3725.2943131  1208.7417073
             -524.9897172   -1.0571223   -972.2775140   -1.5277981    1544.2750919     0.3540546    2516.5526059     0.6755312
     3300.00  498.1415094  951.7569901    643.5227770 1589.7494175    4516.9229632  2847.7060922    3873.4001863  1257.9566747
             -453.6154807   -0.9106157   -946.2266406   -1.4703856    1669.2168710     0.3695473    2615.4435116     0.6752319
     3400.00  499.5384295  910.4718058    648.7851273 1570.3061145    4652.7783989  2875.4319335    4003.9932716  1305.1258190
             -410.9333762   -0.8226262   -921.5209872   -1.4203793    1777.3464654     0.3819968    2698.8674526     0.6740440
     3500.00  500.8240969  896.2867823    652.7903775 1551.1886391    4775.2269788  2901.5561438    4122.4366014  1350.3675047
             -395.4626854   -0.7896239   -898.3982617   -1.3762431    1873.6708350     0.3923731    2772.0690967     0.6724346
     3600.00  502.0089830  906.6875489    659.4259610 1533.0891421    4935.2319785  2926.8985660    4275.8060176  1393.8094239
             -404.6785659   -0.8061182   -873.6631811   -1.3248844    2008.3334126     0.4069380    2881.9965937     0.6740242
     3700.00  503.1023992  938.1495679    662.9856081 1516.5421848    5056.8729395  2952.1270556    4393.8873314  1435.5848709
             -435.0471687   -0.8647289   -853.5565767   -1.2874436    2104.7458838     0.4162149    2958.3024605     0.6732768
     3800.00  504.1126449  986.1363907    668.3519821 1501.9206042    5206.1074415  2977.7497979    4537.7554594  1475.8291937
             -482.0237458   -0.9561826   -833.5686221   -1.2472000    2228.3576436     0.4280276    3061.9262657     0.6747667
     3900.00  505.0471336 1045.1384760    672.8965120 1489.4382052    5346.6856503  3004.1155054    4673.7891383  1514.6773002
             -540.0913423   -1.0693880   -816.5416932   -1.2134729    2342.5701449     0.4381350    3159.1118381     0.6759209
     4000.00  505.9125019 1108.5708099    675.2207074 1479.1205612    5456.8165514  3031.3721661    4781.5958441  1552.2516049
             -602.6583079   -1.1912303   -803.8998538   -1.1905735    2425.4443853     0.4444797    3229.3442392     0.6753696
0                                                                                                       I-C8H18                   
1


     4100.00  506.7147030 1168.8982443    676.1938876 1470.8330219    5547.3720024  3059.5021335    4871.1781148  1588.6691117
             -662.1835413   -1.3068173   -794.6391343   -1.1751646    2487.8698688     0.4484772    3282.5090031     0.6738635
     4200.00  507.4590876 1217.5322245    676.2875882 1464.2513883    5624.2754845  3088.2807149    4947.9878963  1624.0293266
             -710.0731370   -1.3992717   -787.9638002   -1.1651312    2535.9947695     0.4509016    3323.9585697     0.6717799
     4300.00  508.1504743 1244.9331694    675.7842117 1458.8840884    5691.1127428  3117.3034745    5015.3285310  1658.4193861
             -736.7826950   -1.4499302   -783.0998767   -1.1588017    2573.8092683     0.4522506    3356.9091449     0.6693299
     4400.00  508.7932105 1240.5239915    674.8646622 1454.0503302    5750.2199248  3145.9559384    5075.3552626  1691.9056082
             -731.7307810   -1.4381693   -779.1856680   -1.1545806    2604.2639864     0.4528982    3383.4496544     0.6666429
     4500.00  509.3912252 1192.6212223    673.6505539 1448.8576762    5803.2041157  3173.3809069    5129.5535618  1724.5232307
             -683.2299972   -1.3412677   -775.2071223   -1.1507556    2629.8232088     0.4531674    3405.0303311     0.6638064
     4600.00  509.9480755 1088.7174898    674.5852983 1442.2744252    5891.7765000  3198.5745472    5217.1912017  1756.3001220
             -578.7694144   -1.1349575   -767.6891269   -1.1380164    2693.2019528     0.4571120    3460.8910797     0.6633629
     4700.00  510.4669872  915.1407928    674.9258865 1433.0400669    5970.1785259  3220.2645891    5295.2526394  1787.2245222
             -404.6738056   -0.7927522   -758.1141804   -1.1232555    2749.9139368     0.4606083    3508.0281172     0.6624855
     4800.00  510.9508904  657.3051776    674.6940147 1419.7273086    6038.1556955  3236.9919074    5363.4616808  1817.2645988
             -146.3542872   -0.2864351   -745.0332939   -1.1042536    2801.1637881     0.4639105    3546.1970820     0.6611769
     4900.00  511.4024504  299.5218790    674.0574822 1400.6965004    6098.1605660  3247.0494468    5424.1030838  1846.3529465
              211.8805713    0.4143128   -726.6390182   -1.0780075    2851.1111192     0.4675362    3577.7501374     0.6596022
     5000.00  511.8240954 -174.7994899    654.4671244 1374.1392452    5803.0625718  3248.5373328    5148.5954474  1874.3980876
              686.6235852    1.3415226   -719.6721208   -1.0996307    2554.5252389     0.4402029    3274.1973598     0.6359399
   MAX-REL ERR CP/R  =  6.742466    TEMP =  1700.      AVER REL ERR CP/R  =  2.686056      REL LST SQ ERR CP/R  =  3.446604
   MAX REL ERR HH/RT =  1.770568    TEMP =  2500.      AVER REL ERR HH/RT =  1.232554      REL LST SQ ERR HH/RT =  1.309555
   MAX REL ERR S/R   =  0.589047    TEMP =  1100.      AVER REL ERR S/R   =  0.386123      REL LST SQ ERR S/R   =  0.397851
   MAX REL ERR FH/RT =  0.843676    TEMP =  1400.      AVER REL ERR FH/RT =  0.698432      REL LST SQ ERR FH/RT =  0.709749
       MAX ERR CP/R  =**********    TEMP.=  1800.          AVER ERR CP/R  =**********          LST SQ ERR CP/R  =**********
       MAX ERR HH/RT =**********    TEMP =  2700.          AVER ERR HH/RT =740.164506          LST SQ ERR HH/RT =798.603450
       MAX ERR S/R   =**********    TEMP =  4900.          AVER ERR S/R   =**********          LST SQ ERR S/R   =**********
       MAX ERR FH/RT =**********    TEMP =  4900.          AVER ERR FH/RT =**********          LST SQ ERR FH/RT =**********
 CP/R =   -2.5539365E+04T** 0.0   4.5040013E+01T** 1.0  -2.4412487E-02T** 2.0   5.3872207E-06T** 3.0  -4.2068144E-10T** 4.0

 (H-H0)/R CONSTANT =  0.99269950E+07, H/R(A6) CONSTANT = 0.98961830E+07, S/R CONSTANT = 0.14199222E+06
0-8-18           I-P10/74C   8H  18    0    0G   298.150  5000.000    114.23020 1
 -0.25539365E+05 0.45040012E+02-0.24412487E-01 0.53872209E-05-0.42068143E-09    2
  0.98961830E+07 0.14199222E+06-0.70351821E+00 0.84691457E-01-0.12031940E-04    3
 -0.37219010E-07 0.19963307E-10-0.30321680E+05 0.30470112E+02-0.26942540E+05    4
 
 
 
 
 
 
 
 
 
 
 
 
0                                                                                    -8-18              I-C8H18                   
1


0-8-18              C8H18                   
0ASSIGNED H/R AT   0 K =  -30812.322 K
0        T        CP/R        (H-H0)/RT    (H-H298)/RT      S/R        -(G-H0)/RT   -(G-H298)/RT        H/RT            -G/RT


       200.00    15.70558     9.9260665    -9.4228439    43.6595985    33.7335320    53.0824424    -144.1355440     187.7951425
       298.15    22.66011    12.9793127     0.0000000    50.9814833    38.0021706    50.9814833     -90.3657220     141.3472053
       300.00    22.78592    13.0502404     0.1509668    51.1173562    38.0671158    50.9663894     -89.6575000     140.7748562
       400.00    29.41839    16.3295746     6.6551194    58.5449181    42.2153435    51.8897987     -60.7012307     119.2461488
       500.00    35.29100    19.5351028    11.7955386    65.7309379    46.1958351    53.9353993     -42.0895414     107.8204793
       600.00    40.35845    22.5946964    16.1450596    72.6150288    50.0203323    56.4699691     -28.7591737     101.3742025
       700.00    44.73649    25.4558766    19.9276165    79.1569226    53.7010460    59.2293061     -18.5617264      97.7186490
       800.00    48.51066    28.1175649    23.2803373    85.3465612    57.2289963    62.0662239     -10.3978378      95.7443989
       900.00    51.78161    30.5288400    26.2290822    91.2845850    60.7557449    65.0555028      -3.7070734      94.9916584
      1000.00    54.70030    32.8101160    28.9403339    96.8703577    64.0602417    67.9300238       1.9977939      94.8725638
      1100.00   377.34949   119.4229177   115.9049340   362.5225962   243.0996785   246.6176622      91.4117158     271.1108804
      1200.00   392.30724   190.9614187   187.7366003   617.6394563   426.6780376   429.9028560     165.2844836     452.3549726
      1300.00   405.31221   252.9160928   249.9393374   872.8872682   619.9711754   622.9479308     229.2143066     643.6729616
      1400.00   416.66213   313.0581007   310.2939707  1158.9588358   845.9007351   848.6648652     291.0492992     867.9095366
      1500.00   426.60524   364.8655514   362.2856966  1437.9194710  1073.0539196  1075.6337744     344.3240033    1093.5954677
      1600.00   435.34845   409.3211335   406.9025197  1706.8786924  1297.5575589  1299.9761727     390.0634322    1316.8152602
      1700.00   443.06441   446.9618759   444.6855334  1961.5071726  1514.5452968  1516.8216392     428.8369805    1532.6701921
      1800.00   449.89756   484.5301150   482.3802361  2239.9668406  1755.4367256  1757.5866045     467.4121583    1772.5546823
      1900.00   455.96909   519.8358454   517.7991180  2527.0040220  2007.1681765  2009.2049040     503.6188338    2023.3851882
      2000.00   461.38106   540.1515824   538.2166914  2725.2619121  2185.1103297  2187.0452207     524.7454214    2200.5164907
      2100.00   466.21969   551.6740980   549.8313446  2866.8691653  2315.1950674  2317.0378207     537.0015636    2329.8676017
      2200.00   470.55814   558.6417088   556.8827169  2977.0791195  2418.4374107  2420.1964026     544.6361078    2432.4430117
      2300.00   474.45871   571.6823655   569.9998515  3142.3886074  2570.7062419  2572.3887559     558.2857037    2584.1029037
      2400.00   477.97462   579.5473039   577.9348946  3268.8925498  2689.3452460  2690.9576552     566.7088363    2702.1837135
      2500.00   481.15157   588.0952906   586.5473777  3405.7192417  2817.6239511  2819.1718639     575.7703617    2829.9488799
      2600.00   484.02887   597.3048006   595.8164228  3553.5863599  2956.2815593  2957.7699370     585.4539074    2968.1324524
      2700.00   486.64049   602.6661221   601.2328695  3667.8632837  3065.1971616  3066.6304142     591.2541510    3076.6091328
      2800.00   489.01590   612.2204925   610.8384275  3828.5293303  3216.3088378  3217.6909028     601.2160918    3227.3132386
      2900.00   491.18071   618.5298393   617.1954317  3959.7696400  3341.2398007  3342.5742083     607.9049007    3351.8647394
      3000.00   493.15728   624.4285170   623.1385897  4089.8352282  3465.4067112  3466.6966386     614.1577430    3475.6774852
      3100.00   494.96516   632.1033584   630.8550416  4243.7014733  3611.5981149  3612.8464317     622.1638997    3621.5375736
      3200.00   496.62153   636.3913533   635.1820464  4361.6856664  3725.2943131  3726.5036200     626.7625026    3734.9231638
      3300.00   498.14151   643.5227770   642.3501157  4516.9229632  3873.4001863  3874.5728475     634.1857097    3882.7372536
      3400.00   499.53843   648.7851273   647.6469561  4652.7783989  4003.9932716  4005.1314428     639.7226796    4013.0557193
      3500.00   500.82410   652.7903775   651.6847254  4775.2269788  4122.4366014  4123.5422534     643.9868568    4131.2401220
      3600.00   502.00898   659.4259610   658.3510215  4935.2319785  4275.8060176  4276.8809570     650.8669826    4284.3649959
      3700.00   503.10240   662.9856081   661.9397211  5056.8729395  4393.8873314  4394.9332184     654.6579535    4402.2149860
      3800.00   504.11264   668.3519821   667.3336184  5206.1074415  4537.7554594  4538.7738231     660.2434763    4545.8639652
      3900.00   505.04713   672.8965120   671.9042601  5346.6856503  4673.7891383  4674.7813901     664.9959166    4681.6897337
      4000.00   505.91250   675.2207074   674.2532618  5456.8165514  4781.5958441  4782.5632896     667.5176268    4789.2989246
      4100.00   506.71470   676.1938876   675.2500383  5547.3720024  4871.1781148  4872.1219641     668.6786871    4878.6933153
0                                                                                    -8-18              I-C8H18                   
1


      4200.00   507.45909   676.2875882   675.3662115  5624.2754845  4947.9878963  4948.9092730     668.9513210    4955.3241635
      4300.00   508.15047   675.7842117   674.8842624  5691.1127428  5015.3285310  5016.2284804     668.6185554    5022.4941874
      4400.00   508.79321   674.8646622   673.9851662  5750.2199248  5075.3552626  5076.2347585     667.8618617    5082.3580631
      4500.00   509.39123   673.6505539   672.7906023  5803.2041157  5129.5535618  5130.4135134     666.8033712    5136.4007445
      4600.00   509.94808   674.5852983   673.7440413  5891.7765000  5217.1912017  5218.0324587     667.8869674    5223.8895326
      4700.00   510.46699   674.9258865   674.1025286  5970.1785259  5295.2526394  5296.0759973     668.3700733    5301.8084526
      4800.00   510.95089   674.6940147   673.8878101  6038.1556955  5363.4616808  5364.2678854     668.2747809    5369.8809146
      4900.00   511.40245   674.0574822   673.2677307  6098.1605660  5424.1030838  5424.8928353     667.7692532    5430.3913128
      5000.00   511.82410   654.4671244   653.6931680  5803.0625718  5148.5954474  5149.3694038     648.3046600    5154.7579118
 
 
 
 
 
 
 
 
 
 
 
 
 
 
 
 
 
 
 
 
 
 
 
 
 
 
 
 
 
 
 
 
 
 
 
 
 
 
 
 
0                                                                                    -8-18              I-C8H18                   
1


0-8-18              C8H18                   
0ASSIGNED H AT   0 K = -256186.320 J/MOLE-K
0        T          CP           H-H0          H-H298        S           -(G-H0)      -(G-H298)           H              -G
       DEG-K     J/MOL-K        J/MOL          J/MOL      J/MOL-K         J/MOL         J/MOL           J/MOL           J/MOL

       200.00   130.58264     16505.880    -15669.080    363.003860     56094.892     88269.852     -239680.440      312281.212
       298.15   188.40551     32174.960         0.000    423.881022     94205.167    126380.127     -224011.360      350391.487
       300.00   189.45151     32551.520       376.560    425.010725     94951.698    127126.658     -223634.800      351138.018
       400.00   244.59664     54308.320     22133.360    486.766530    140398.292    172573.252     -201878.000      396584.612
       500.00   293.42391     81211.440     49036.480    546.514055    192045.587    224220.547     -174974.880      448231.907
       600.00   335.55679    112716.960     80542.000    603.751218    249533.771    281708.731     -143469.360      505720.091
       700.00   371.95761    148155.440    115980.480    658.143214    312544.810    344719.770     -108030.880      568731.130
       800.00   403.33761    187024.800    154849.840    709.606415    380660.332    412835.292      -69161.520      636846.652
       900.00   430.53361    228446.400    196271.440    758.977587    454633.429    486808.389      -27739.920      710819.749
      1000.00   454.80079    272796.800    240621.840    805.419999    532623.199    564798.159       16610.480      788809.519
      1100.00  3137.43889   1092224.385   1060049.425   3014.161980   2223353.793   2255528.753      836038.065     2479540.113
      1200.00  3261.80378   1905278.140   1873103.180   5135.308492   4257092.051   4289267.011     1649091.820     4513278.371
      1300.00  3369.93243   2733702.955   2701527.995   7257.543791   6701103.973   6733278.933     2477516.635     6957290.293
      1400.00  3464.30032   3644051.346   3611876.386   9636.060473   9846433.316   9878608.276     3387865.026    10102619.636
      1500.00  3546.97147   4550463.410   4518288.450  11955.453938  13382717.498  13414892.458     4294277.090    13638903.818
      1600.00  3619.66608   5445222.831   5413047.871  14191.691536  17261483.626  17293658.586     5189036.511    17517669.946
      1700.00  3683.81975   6317582.302   6285407.342  16308.777456  21407339.373  21439514.333     6061395.982    21663525.693
      1800.00  3740.63336   7251448.819   7219273.859  18624.005674  26271761.394  26303936.354     6995262.499    26527947.714
      1900.00  3791.11460   8212045.180   8179870.220  21010.550866  31708001.466  31740176.426     7955858.860    31964187.786
      2000.00  3836.11189   8982084.872   8949909.912  22658.948514  36335812.156  36367987.116     8725898.552    36591998.476
      2100.00  3876.34226   9632375.276   9600200.316  23836.329464  40423916.599  40456091.559     9376188.956    40680102.919
      2200.00  3912.41394  10218509.294  10186334.334  24752.660355  44237343.488  44269518.448     9962322.974    44493529.808
      2300.00  3944.84484  10932365.371  10900190.411  26127.111434  49159990.927  49192165.887    10676179.051    49416177.247
      2400.00  3974.07762  11564627.204  11532452.244  27178.917246  53664774.188  53696949.148    11308440.884    53920960.508
      2500.00  4000.49205  12224165.365  12191990.405  28316.550643  58567211.242  58599386.202    11967979.045    58823397.562
      2600.00  4024.41508  12912218.280  12880043.320  29545.978686  63907326.302  63939501.262    12656031.960    64163512.622
      2700.00  4046.12921  13529197.888  13497022.928  30496.124036  68810337.008  68842511.968    13273011.568    69066523.328
      2800.00  4065.87933  14252708.395  14220533.435  31831.967634  74876800.979  74908975.939    13996522.075    75132987.299
      2900.00  4083.87845  14913863.358  14881688.398  32923.153551  80563281.941  80595456.901    14657677.038    80819468.261
      3000.00  4100.31243  15575266.607  15543091.647  34004.572351  86438450.447  86470625.407    15319080.287    86694636.767
      3100.00  4115.34393  16292258.703  16260083.743  35283.879602  93087768.063  93119943.023    16036072.383    93343954.383
      3200.00  4129.11569  16931902.325  16899727.365  36264.848714  99115613.559  99147788.519    16675716.005    99371799.879
      3300.00  4141.75341  17656693.120  17624518.160  37555.555453 106276639.875 106308814.835    17400506.800   106532826.195
      3400.00  4153.36798  18340505.801  18308330.841  38685.113427 113188879.851 113221054.811    18084319.481   113445066.171
      3500.00  4164.05754  18996486.982  18964312.022  39703.201287 119964717.521 119996892.481    18740300.662   120220903.841
      3600.00  4173.90917  19737859.248  19705684.288  41033.548669 127982915.959 128015090.919    19481672.928   128239102.279
      3700.00  4183.00029  20395639.686  20363464.726  42044.921652 135170570.427 135202745.387    20139453.366   135426756.747
      3800.00  4191.39989  21116422.507  21084247.547  43285.718687 143369308.503 143401483.463    20860236.187   143625494.823
      3900.00  4199.16961  21819479.688  21787304.728  44454.543738 151553240.889 151585415.849    21563293.368   151809427.209
      4000.00  4206.36464  22456250.793  22424075.833  45370.217350 159024618.607 159056793.567    22200064.473   159280804.927
      4100.00  4213.03447  23050831.887  23018656.927  46123.132617 166054011.843 166086186.803    22794645.567   166310198.163
0                                                                                    -8-18              I-C8H18                   
1


      4200.00  4219.22359  23616319.373  23584144.413  46762.539800 172786347.786 172818522.746    23360133.053   173042534.106
      4300.00  4224.97206  24160615.992  24128441.032  47318.252257 179307868.714 179340043.674    23904429.672   179564055.034
      4400.00  4230.31603  24688850.524  24656675.564  47809.693681 185673801.672 185705976.632    24432664.204   185929987.992
      4500.00  4235.28817  25204535.083  25172360.123  48250.226038 191921482.088 191953657.048    24948348.763   192177668.408
      4600.00  4239.91806  25800386.372  25768211.412  48986.653274 199538218.688 199570393.648    25544200.052   199794405.008
      4700.00  4244.23250  26374573.751  26342398.791  49638.519966 206926470.089 206958645.049    26118387.431   207182656.409
      4800.00  4248.25587  26926481.080  26894306.120  50203.710114 214051327.469 214083502.429    26670294.760   214307513.789
      4900.00  4252.01033  27461516.712  27429341.752  50702.615290 220981298.210 221013473.170    27205330.392   221237484.530
      5000.00  4255.51606  27207544.365  27175369.405  48249.049184 214037701.555 214069876.515    26951358.045   214293887.875
 
 
 
 
 
 
 
 
 
 
 
 
 
 
 
 
 
 
 
 
 
 
 
 
 
 
 
 
 
 
 
 
 
 
 
 
 
 
 
 
0                                                                                    -8-18              I-C8H18                   
1


0-8-18              C8H18                   
0ASSIGNED H AT   0 K =  -61230.000 CAL/MOLE-K
0        T          CP           H-H0          H-H298        S           -(G-H0)      -(G-H298)           H              -G
       DEG-K    CAL/MOL-K       CAL/MOL       CAL/MOL    CAL/MOL-K       CAL/MOL       CAL/MOL         CAL/MOL         CAL/MOL

       200.00    31.21000      3945.000     -3745.000     86.760005     13407.001     21097.001      -57285.000       74637.001
       298.15    45.03000      7690.000         0.000    101.309996     22515.575     30205.575      -53540.000       83745.575
       300.00    45.28000      7780.000        90.000    101.580001     22694.000     30384.000      -53450.000       83924.000
       400.00    58.46000     12980.000      5290.000    116.339993     33555.997     41245.997      -48250.000       94785.997
       500.00    70.13000     19410.000     11720.000    130.619994     45899.997     53589.997      -41820.000      107129.997
       600.00    80.20000     26940.000     19250.000    144.300004     59640.003     67330.003      -34290.000      120870.003
       700.00    88.90000     35410.000     27720.000    157.300003     74700.002     82390.002      -25820.000      135930.002
       800.00    96.40000     44700.000     37010.000    169.600004     90980.003     98670.003      -16530.000      152210.003
       900.00   102.90000     54600.000     46910.000    181.399997    108659.997    116349.997       -6630.000      169889.997
      1000.00   108.70000     65200.000     57510.000    192.500000    127300.000    134990.000        3970.000      188530.000
      1100.00   749.86589    261047.893    253357.893    720.402003    531394.310    539084.310      199817.893      592624.310
      1200.00   779.58981    455372.404    447682.404   1227.368186   1017469.419   1025159.419      394142.404     1078699.419
      1300.00   805.43318    653370.687    645680.687   1734.594596   1601602.288   1609292.288      592140.687     1662832.288
      1400.00   827.98765    870949.175    863259.175   2303.073727   2353354.043   2361044.043      809719.175     2414584.043
      1500.00   847.74653   1087586.857   1079896.857   2857.422069   3198546.247   3206236.247     1026356.857     3259776.247
      1600.00   865.12096   1301439.491   1293749.491   3391.895683   4125593.601   4133283.601     1240209.491     4186823.601
      1700.00   880.45405   1509938.409   1502248.409   3897.891361   5116476.906   5124166.906     1448708.409     5177706.906
      1800.00   894.03283   1733137.863   1725447.863   4451.244186   6279101.672   6286791.672     1671907.863     6340331.672
      1900.00   906.09813   1962725.903   1955035.903   5021.642176   7578394.232   7586084.232     1901495.903     7639624.232
      2000.00   916.85275   2146769.807   2139079.807   5415.618670   8684467.532   8692157.532     2085539.807     8745697.532
      2100.00   926.46804   2302192.944   2294502.944   5697.019470   9661547.944   9669237.944     2240962.944     9722777.944
      2200.00   935.08937   2442282.336   2434592.336   5916.027810  10572978.845  10580668.845     2381052.336    10634208.845
      2300.00   942.84054   2612898.033   2605208.033   6244.529501  11749519.820  11757209.820     2551668.033    11810749.820
      2400.00   949.82735   2764012.238   2756322.238   6495.917124  12826188.859  12833878.859     2702782.238    12887418.859
      2500.00   956.14055   2921645.642   2913955.642   6767.818031  13997899.436  14005589.436     2860415.642    14059129.436
      2600.00   961.85829   3086094.235   3078404.235   7061.658386  15274217.567  15281907.567     3024864.235    15335447.567
      2700.00   967.04809   3233555.901   3225865.901   7288.748575  16446065.251  16453755.251     3172325.901    16507295.251
      2800.00   971.76848   3406479.062   3398789.062   7608.022857  17895984.938  17903674.938     3345249.062    17957214.938
      2900.00   976.07038   3564498.890   3556808.890   7868.822551  19255086.506  19262776.506     3503268.890    19316316.506
      3000.00   979.99819   3722578.061   3714888.061   8127.287847  20659285.480  20666975.480     3661348.061    20720515.480
      3100.00   983.59080   3893943.285   3886253.285   8433.049618  22248510.531  22256200.531     3832713.285    22309740.531
      3200.00   986.88234   4046821.779   4039131.779   8667.506863  23689200.181  23696890.181     3985591.779    23750430.181
      3300.00   989.90282   4220050.937   4212360.937   8975.993177  25400726.548  25408416.548     4158820.937    25461956.548
      3400.00   992.67877   4383486.090   4375796.090   9245.964012  27052791.551  27060481.551     4322256.090    27114021.551
      3500.00   995.23364   4540269.355   4532579.355   9489.292851  28672255.622  28679945.622     4479039.355    28733485.622
      3600.00   997.58823   4717461.579   4709771.579   9807.253506  30588651.042  30596341.042     4656231.579    30649881.042
      3700.00   999.76106   4874674.877   4866984.877  10048.977450  32306541.689  32314231.689     4813444.877    32367771.689
      3800.00  1001.76862   5046946.106   5039256.106  10345.535059  34266087.118  34273777.118     4985716.106    34327317.118
      3900.00  1003.62562   5214980.805   5207290.805  10624.890951  36222093.903  36229783.903     5153750.805    36283323.903
      4000.00  1005.34528   5367172.752   5359482.752  10843.742196  38007796.034  38015486.034     5305942.752    38069026.034
      4100.00  1006.93940   5509281.044   5501591.044  11023.693264  39687861.339  39695551.339     5448051.044    39749091.339
0                                                                                    -8-18              I-C8H18                   
1


      4200.00  1008.41864   5644435.797   5636745.797  11176.515249  41296928.247  41304618.247     5583205.797    41358158.247
      4300.00  1009.79256   5774525.811   5766835.811  11309.333714  42855609.157  42863299.157     5713295.811    42916839.157
      4400.00  1011.06980   5900776.894   5893086.894  11426.791033  44377103.650  44384793.650     5839546.894    44438333.650
      4500.00  1012.25817   6024028.461   6016338.461  11532.080793  45870335.107  45878025.107     5962798.461    45931565.107
      4600.00  1013.36474   6166440.337   6158750.337  11708.091127  47690778.845  47698468.845     6105210.337    47752008.845
      4700.00  1014.39591   6303674.415   6295984.415  11863.891005  49456613.310  49464303.310     6242444.415    49517843.310
      4800.00  1015.35752   6435583.432   6427893.432  11998.974693  51159495.093  51167185.093     6374353.432    51220725.093
      4900.00  1016.25486   6563460.017   6555770.017  12118.215892  52815797.851  52823487.851     6502230.017    52877027.851
      5000.00  1017.09275   6502759.169   6495069.169  11531.799518  51156238.421  51163928.421     6441529.169    51217468.421
 
 
 
 
 
 
 
 
 
 
 
 
 
 
 
 
 
 
 
 
 
 
 
 
 
 
 
 
 
 
 
 
 
 
 
 
 
 
 
 
0                                                                                    -8-18              I-C8H18                   
1


 -8-18              C8H18                   
0     T         CP        H-H298        S      -(G-H298)/T      H        DELTA H      LOG K
    DEG-K    J/MOL-K      KJ/MOL     J/MOL-K     J/MOL-K      KJ/MOL      KJ/MOL

      0      -------     -32.175     -------     -------    -256.186    -171.568     -------
     200     130.583     -15.669     363.004     441.349    -239.680    -209.392     16.2739
     298.15  188.406       0.000     423.881     423.881    -224.011    -224.011     -2.3950
     300     189.452       0.377     425.011     423.756    -223.635    -224.258     -2.6424
     400     244.597      22.133     486.767     431.433    -201.878    -236.802    -12.6885
     500     293.424      49.036     546.514     448.441    -174.975    -246.832    -19.0018
 
     600     335.557      80.542     603.751     469.515    -143.469    -254.305    -23.3701
     700     371.958     115.980     658.143     492.457    -108.031    -259.494    -26.5727
     800     403.338     154.850     709.606     516.044     -69.162    -262.574    -29.0305
     900     430.534     196.271     758.978     540.898     -27.740    -264.227    -30.9070
    1000     454.801     240.622     805.420     564.798      16.610    -263.885    -32.4532
 
    1100    3137.439    1060.049    3014.162    2050.481     836.038     510.665     42.6499
    1200    3261.804    1873.103    5135.308    3574.389    1649.092    1277.995    119.9869
    1300    3369.932    2701.528    7257.544    5179.445    2477.517    2059.918    201.7575
    1400    3464.300    3611.876    9636.060    7056.149    3387.865    2923.087    297.8787
    1500    3546.971    4518.288   11955.454    8943.262    4294.277    3781.605    394.6787
 
    1600    3619.666    5413.048   14191.692   10808.537    5189.037    4627.892    490.4544
    1700    3683.820    6285.407   16308.777   12611.479    6061.396    5451.134    583.0749
    1800    3740.633    7219.274   18624.006   14613.298    6995.262    6335.341    686.1723
    1900    3791.115    8179.870   21010.551   16705.356    7955.859    7245.770    794.0608
    2000    3836.112    8949.910   22658.949   18183.994    8725.899    7965.103    869.9773
 
    2100    3876.342    9600.200   23836.329   19264.806    9376.189    8564.252    925.1766
    2200    3912.414   10186.334   24752.660   20122.508    9962.323    9098.771    968.7798
    2300    3944.845   10900.190   26127.111   21387.898   10676.179    9760.615   1033.7254
    2400    3974.078   11532.452   27178.917   22373.729   11308.441   10340.434   1084.1158
    2500    4000.492   12191.990   28316.551   23439.754   11967.979   10947.199   1138.7383
 
    2600    4024.415   12880.043   29545.979   24592.116   12656.032   11582.047   1197.9098
    2700    4046.129   13497.023   30496.124   25497.227   13273.012   12145.496   1244.2013
    2800    4065.879   14220.533   31831.968   26753.206   13996.522   12815.112   1308.8555
    2900    4083.878   14881.688   32923.154   27791.537   14657.677   13422.083   1362.1695
    3000    4100.312   15543.092   34004.572   28823.542   15319.080   14028.981   1415.1819
 
    3100    4115.344   16260.084   35283.880   30038.691   16036.072   14691.174   1477.7891
    3200    4129.116   16899.727   36264.849   30983.684   16675.716   15275.659   1526.3105
    3300    4141.753   17624.518   37555.555   32214.792   17400.507   15945.074   1589.7983
    3400    4153.368   18308.331   38685.113   33300.310   18084.319   16573.151   1645.7050
    3500    4164.058   18964.312   39703.201   34284.826   18740.301   17173.179   1696.3556
 
    3600    4173.909   19705.684   41033.549   35559.747   19481.673   17858.309   1762.1961
    3700    4183.000   20363.465   42044.922   36541.283   20139.453   18459.559   1812.7305
0                                                                                    -8-18              I-C8H18                   
1


    3800    4191.400   21084.248   43285.719   37737.232   20860.236   19123.556   1874.4814
    3900    4199.170   21787.305   44454.544   38868.055   21563.293   19769.542   1932.8490
    4000    4206.365   22424.076   45370.217   39764.198   22200.064   20348.988   1978.9712
 
    4100    4213.034   23018.657   46123.133   40508.826   22794.646   20885.992   2017.1958
    4200    4219.224   23584.144   46762.540   41147.267   23360.133   21393.685   2049.8879
    4300    4224.972   24128.441   47318.252   41706.987   23904.430   21879.899   2078.4834
    4400    4230.316   24656.676   47809.694   42205.904   24432.664   22349.799   2103.9138
    4500    4235.288   25172.360   48250.226   42656.368   24948.349   22806.894   2126.8281
 
    4600    4239.918   25768.211   48986.653   43384.868   25544.200   23343.943   2164.2759
    4700    4244.233   26342.399   49638.520   44033.754   26118.387   23859.039   2197.5783
    4800    4248.256   26894.306   50203.710   44600.730   26670.295   24351.674   2226.6126
    4900    4252.010   27429.342   50702.615   45104.790   27205.330   24827.188   2252.3699
    5000    4255.516   27175.369   48249.049   42813.975   26951.358   24513.476   2132.1504
 
 
 
 
 
 
 
 
 
 
 
 
 
 
 
 
 
 
 
 
 
 
 
 
 
 
 
 
 
 
 
 
 
 
0                                                                                    -8-18              I-C8H18                   
1


 -8-18              C8H18                   
0     T         CP        H-H298        S      -(G-H298)/T      H        DELTA H      LOG K
    DEG-K   CAL/MOL-K    KCAL/MOL   CAL/MOL-K   CAL/MOL-K    KCAL/MOL    KCAL/MOL

      0      -------      -7.690     -------     -------     -61.230     -41.006     -------
     200      31.210      -3.745      86.760     105.485     -57.285     -50.046     16.2739
     298.15   45.030       0.000     101.310     101.310     -53.540     -53.540     -2.3950
     300      45.280       0.090     101.580     101.280     -53.450     -53.599     -2.6424
     400      58.460       5.290     116.340     103.115     -48.250     -56.597    -12.6885
     500      70.130      11.720     130.620     107.180     -41.820     -58.994    -19.0018
 
     600      80.200      19.250     144.300     112.217     -34.290     -60.780    -23.3701
     700      88.900      27.720     157.300     117.700     -25.820     -62.020    -26.5727
     800      96.400      37.010     169.600     123.338     -16.530     -62.757    -29.0305
     900     102.900      46.910     181.400     129.278      -6.630     -63.152    -30.9070
    1000     108.700      57.510     192.500     134.990       3.970     -63.070    -32.4532
 
    1100     749.866     253.358     720.402     490.077     199.818     122.052     42.6499
    1200     779.590     447.682    1227.368     854.300     394.142     305.448    119.9869
    1300     805.433     645.681    1734.595    1237.917     592.141     492.332    201.7575
    1400     827.988     863.259    2303.074    1686.460     809.719     698.635    297.8787
    1500     847.747    1079.897    2857.422    2137.491    1026.357     903.825    394.6787
 
    1600     865.121    1293.749    3391.896    2583.302    1240.209    1106.093    490.4544
    1700     880.454    1502.248    3897.891    3014.216    1448.708    1302.852    583.0749
    1800     894.033    1725.448    4451.244    3492.662    1671.908    1514.183    686.1723
    1900     906.098    1955.036    5021.642    3992.676    1901.496    1731.781    794.0608
    2000     916.853    2139.080    5415.619    4346.079    2085.540    1903.705    869.9773
 
    2100     926.468    2294.503    5697.019    4604.399    2240.963    2046.905    925.1766
    2200     935.089    2434.592    5916.028    4809.395    2381.052    2174.659    968.7798
    2300     942.841    2605.208    6244.530    5111.830    2551.668    2332.843   1033.7254
    2400     949.827    2756.322    6495.917    5347.450    2702.782    2471.423   1084.1158
    2500     956.141    2913.956    6767.818    5602.236    2860.416    2616.443   1138.7383
 
    2600     961.858    3078.404    7061.658    5877.657    3024.864    2768.176   1197.9098
    2700     967.048    3225.866    7288.749    6093.983    3172.326    2902.843   1244.2013
    2800     971.768    3398.789    7608.023    6394.170    3345.249    3062.885   1308.8555
    2900     976.070    3556.809    7868.823    6642.337    3503.269    3207.955   1362.1695
    3000     979.998    3714.888    8127.288    6888.992    3661.348    3353.007   1415.1819
 
    3100     983.591    3886.253    8433.050    7179.420    3832.713    3511.275   1477.7891
    3200     986.882    4039.132    8667.507    7405.278    3985.592    3650.970   1526.3105
    3300     989.903    4212.361    8975.993    7699.520    4158.821    3810.964   1589.7983
    3400     992.679    4375.796    9245.964    7958.965    4322.256    3961.078   1645.7050
    3500     995.234    4532.579    9489.293    8194.270    4479.039    4104.488   1696.3556
 
    3600     997.588    4709.772    9807.254    8498.984    4656.232    4268.238   1762.1961
    3700     999.761    4866.985   10048.977    8733.576    4813.445    4411.940   1812.7305
0                                                                                    -8-18              I-C8H18                   
1


    3800    1001.769    5039.256   10345.535    9019.415    4985.716    4570.639   1874.4814
    3900    1003.626    5207.291   10624.891    9289.688    5153.751    4725.034   1932.8490
    4000    1005.345    5359.483   10843.742    9503.872    5305.943    4863.525   1978.9712
 
    4100    1006.939    5501.591   11023.693    9681.842    5448.051    4991.872   2017.1958
    4200    1008.419    5636.746   11176.515    9834.433    5583.206    5113.213   2049.8879
    4300    1009.793    5766.836   11309.334    9968.209    5713.296    5229.421   2078.4834
    4400    1011.070    5893.087   11426.791   10087.453    5839.547    5341.730   2103.9138
    4500    1012.258    6016.338   11532.081   10195.117    5962.798    5450.979   2126.8281
 
    4600    1013.365    6158.750   11708.091   10369.232    6105.210    5579.336   2164.2759
    4700    1014.396    6295.984   11863.891   10524.320    6242.444    5702.447   2197.5783
    4800    1015.358    6427.893   11998.975   10659.830    6374.353    5820.190   2226.6126
    4900    1016.255    6555.770   12118.216   10780.304    6502.230    5933.840   2252.3699
    5000    1017.093    6495.069   11531.800   10232.786    6441.529    5858.861   2132.1504
 
 
 
 
 
 
 
 
 
 
 
 
 
 
 
 
 
 
 
 
 
 
 
 
 
 
 
 
 
 
 
 
 
 
0                                                                                    -8-18              I-C8H18                   
1


