1
0C8H18                   HF298  -53540.                                         0
0ISOMERI-                                                                       0
0REFN  API               23-2   1.203      TUVW                                 0
0REFN  API               OCT 31 1974.      DEC 31 1973.                         0
0DATE  P10/74                                                                   0
0LSTS                                                                           0
0LOGK                                                                           0
0METH  READ                                                                     0
0IC3H18T        200.000  CP       31.2100  H-H0  3945.000    S         86.76000 0
0IC3H18T        298.150  CP       45.0300  H-H0  7690.000    S        101.31000 0
0IC3H18T        300.000  CP       45.2800  H-H0  7780.000    S        101.58000 0
0IC3H18T        400.000  CP       58.4600  H-H0  12980.00    S        116.34000 0
0IC3H18T        500.000  CP       70.1300  H-H0  19410.00    S        130.62000 0
0IC3H18T        600.000  CP       80.2000  H-H0  26940.00    S        144.30000 0
0IC3H18T        700.000  CP       88.9000  H-H0  35410.00    S        157.30000 0
0IC3H18T        800.000  CP       96.4000  H-H0  44700.00    S        169.60000 0
0IC3H18T        900.000  CP      102.9000  H-H0  54600.00    S        181.40000 0
0IC3H18T       1000.000  CP      108.7000  H-H0  65200.00    S        192.50000 0
0WILH                                                                           0
 
 
 
 
 
 
 
 
 
 
 
0                                                                                                       I-C8H18                   
1


0TEMP  T      1100.      I     100.        T       5000.                        0
0FINISH                                                                         0
 
 
 
 
 
 
 
 
 
 
 
 
 
 
 
 
 
 
 
 
 
 
 
 
 
 
 
 
 
 
 
 
 
 
 
 
 
 
 
 
 
 
 
 
 
0                                                                                                       I-C8H18                   
1


0   WILHOIT COEFFICIENTS
0   A(0) = -0.103290877E+01     A(1) =  0.207337715E+01     A(2) = -0.288706908E+01     A(3) = -0.822182148E+00
0INTEGRATION CONSTANTS:    H/R =-0.703965201E+07     S/R =-0.259732064E+05
0B =  400.0     CPO/R =   4.0000     CPI/R =  76.0000     NON-LINEAR     NO. ATOMS =  26

 
 
 
 
 
 
 
 
 
 
 
 
 
 
 
 
 
 
 
 
 
 
 
 
 
 
 
 
 
 
 
 
 
 
 
 
 
 
 
 
 
 
0                                                                                                       I-C8H18                   
1


0 LEAST SQUARES

0       T      CP/R INPUT    CP/R CALC     HH/RT INPUT   HH/RT CALC      S/R INPUT     S/R CALC      -FH/RT INPUT    -FH/RT CALC
               INPUT-CALC     FRACTION      INPUT-CALC    FRACTION       INPUT-CALC     FRACTION       INPUT-CALC    FRACTION
      298.15   22.6601148   22.6489942     12.9793127   12.9959020      50.9814833    50.8883532      38.0021706    37.8924512
                0.0111206    0.0004908     -0.0165893   -0.0012781       0.0931301     0.0018267       0.1097194     0.0028872
      300.00   22.7859204   22.7778350     13.0502404   13.0558270      51.1173562    51.0288531      38.0671158    37.9730261
                0.0080855    0.0003548     -0.0055866   -0.0004281       0.0885031     0.0017314       0.0940897     0.0024717
      400.00   29.4183949   29.3769997     16.3295746   16.3263825      58.5449181    58.5027967      42.2153435    42.1764142
                0.0413952    0.0014071      0.0031921    0.0001955       0.0421214     0.0007195       0.0389293     0.0009222
      500.00   35.2910022   35.2295576     19.5351028   19.5344158      65.7309379    65.7008949      46.1958351    46.1664791
                0.0614446    0.0017411      0.0006870    0.0000352       0.0300430     0.0004571       0.0293560     0.0006355
      600.00   40.3584540   40.3277981     22.5946964   22.5854456      72.6150288    72.5859255      50.0203323    50.0004799
                0.0306560    0.0007596      0.0092508    0.0004094       0.0291032     0.0004008       0.0198524     0.0003969
      700.00   44.7364933   44.7119230     25.4558766   25.4413006      79.1569226    79.1404293      53.7010460    53.6991286
                0.0245702    0.0005492      0.0145759    0.0005726       0.0164933     0.0002084       0.0019173     0.0000357
      800.00   48.5106630   48.4700457     28.1175649   28.0909150      85.3465612    85.3625123      57.2289963    57.2715973
                0.0406173    0.0008373      0.0266499    0.0009478      -0.0159511    -0.0001869      -0.0426010    -0.0007444
      900.00   51.7816102   51.7381923     30.5288400   30.5405932      91.2845850    91.2641448      60.7557449    60.7235515
                0.0434179    0.0008385     -0.0117532   -0.0003850       0.0204402     0.0002239       0.0321934     0.0005299
     1000.00   54.7002992   54.7002982     32.8101160   32.8101158      96.8703577    96.8703613      64.0602417    64.0602455
                0.0000010    0.0000000      0.0000002    0.0000000      -0.0000036     0.0000000      -0.0000038    -0.0000001
   MAX-REL ERR CP/R  =  0.001741    TEMP =   500.      AVER REL ERR CP/R  =  0.000775      REL LST SQ ERR CP/R  =  0.000923
   MAX REL ERR HH/RT =  0.001278    TEMP =   298.      AVER REL ERR HH/RT =  0.000472      REL LST SQ ERR HH/RT =  0.000614
   MAX REL ERR S/R   =  0.001827    TEMP =   298.      AVER REL ERR S/R   =  0.000639      REL LST SQ ERR S/R   =  0.000904
   MAX REL ERR FH/RT =  0.002887    TEMP =   298.      AVER REL ERR FH/RT =  0.000958      REL LST SQ ERR FH/RT =  0.001362
       MAX ERR CP/R  =  0.061445    TEMP.=   500.          AVER ERR CP/R  =  0.029034          LST SQ ERR CP/R  =  0.034571
       MAX ERR HH/RT =  0.026650    TEMP =   800.          AVER ERR HH/RT =  0.009809          LST SQ ERR HH/RT =  0.012752
       MAX ERR S/R   =  0.093130    TEMP =   298.          AVER ERR S/R   =  0.037310          LST SQ ERR S/R   =  0.048275
       MAX ERR FH/RT =  0.109719    TEMP =   298.          AVER ERR FH/RT =  0.040962          LST SQ ERR FH/RT =  0.054281
 CP/R =   -7.0351819E-01T** 0.0   8.4691461E-02T** 1.0  -1.2031940E-05T** 2.0  -3.7219011E-08T** 3.0   1.9963306E-11T** 4.0

 (H-H0)/R CONSTANT =  0.49064161E+03, H/R(A6) CONSTANT =-0.30321680E+05, S/R CONSTANT = 0.30470112E+02
0       T      CP/R INPUT    CP/R CALC     HH/RT INPUT   HH/RT CALC      S/R INPUT     S/R CALC      -FH/RT INPUT    -FH/RT CALC
               INPUT-CALC     FRACTION      INPUT-CALC    FRACTION       INPUT-CALC     FRACTION       INPUT-CALC    FRACTION
     1000.00   54.7002992   54.7002958     32.8101160   32.8107028      96.8703577    96.8703607      64.0602417    64.0596579
                0.0000034    0.0000001     -0.0005868   -0.0000179      -0.0000030     0.0000000       0.0005838     0.0000091
     1100.00  377.3494915-1131.3463235    119.4229177  -20.9968628     362.5225962    44.4829564     243.0996785    65.4798192
             1508.6958150    3.9981393    140.4197805    1.1758194     318.0396398     0.8772960     177.6198593     0.7306462
     1200.00  392.3072428-2082.8861199    190.9614187 -154.7027265     617.6394563   -96.3507701     426.6780376    58.3519563
             2475.1933627    6.3093236    345.6641452    1.8101256     713.9902264     1.1559984     368.3260812     0.8632412
     1300.00  405.3122105-2827.9281512    252.9160928 -332.9168306     872.8872682  -293.7773925     619.9711754    39.1394381
             3233.2403617    7.9771600    585.8329234    2.3163134    1166.6646607     1.3365582     580.8317373     0.9368689
     1400.00  416.6621288-3392.9921999    313.0581007 -532.3081057    1158.9588358  -525.0614078     845.9007351     7.2466979
             3809.6543287    9.1432700    845.3662064    2.7003492    1684.0202436     1.4530458     838.6540372     0.9914332
0                                                                                                       I-C8H18                   
1


     1500.00  426.6052431-3803.1061553    364.8655514 -737.4849031    1437.9194710  -773.9603201    1073.0539196   -36.4754171
             4229.7113984    9.9148134   1102.3504544    3.0212511    2211.8797912     1.5382501    1109.5293367     1.0339922
     1600.00  435.3484498-4081.8076954    409.3211335 -938.4210849    1706.8786924 -1028.9497437    1297.5575589   -90.5286588
             4517.1561452   10.3759555   1347.7422184    3.2926280    2735.8284361     1.6028253    1388.0862177     1.0697685
     1700.00  443.0644098-4251.1473524    446.9618759-1128.7909825    1961.5071726 -1281.9880571    1514.5452968  -153.1970747
             4694.2117622   10.5948744   1575.7528583    3.5254749    3243.4952298     1.6535730    1667.7423714     1.1011505
     1800.00  449.8975593-4331.6856098    484.5301150-1304.8582192    2239.9668406 -1527.6331487    1755.4367256  -222.7749294
             4781.5831691   10.6281598   1789.3883343    3.6930384    3767.5999893     1.6819892    1978.2116550     1.1269057
     1900.00  455.9690934-4342.4898643    519.8358454-1464.7150940    2527.0040220 -1762.3978517    2007.1681765  -297.6827578
             4798.4589577   10.5236496   1984.5509394    3.8176493    4289.4018737     1.6974258    2304.8509343     1.1483098
     2000.00  461.3810573-4301.1440293    540.1515824-1607.7532079    2725.2619121 -1984.2750727    2185.1103297  -376.5218647
             4762.5250866   10.3223247   2147.9047904    3.9764852    4709.5369848     1.7281044    2561.6321944     1.1723125
     2100.00  466.2196886-4223.7315526    551.6740980-1734.2791976    2866.8691653 -2192.3705066    2315.1950674  -458.0913090
             4689.9512412   10.0595306   2285.9532956    4.1436662    5059.2396719     1.7647264    2773.2863763     1.1978629
     2200.00  470.5581411-4124.8659071    558.6417088-1845.2460765    2977.0791195 -2386.6355522    2418.4374107  -541.3894757
             4595.4240483    9.7659006   2403.8877853    4.3030940    5363.7146717     1.8016702    2959.8268865     1.2238592
     2300.00  474.4587057-4017.6398643    571.6823655-1942.0363668    3142.3886074 -2567.6348678    2570.7062419  -625.5985010
             4492.0985700    9.4678389   2513.7187322    4.3970549    5710.0234752     1.8170965    3196.3047429     1.2433567
     2400.00  477.9746235-3913.6871257    579.5473039-2026.3243427    3268.8925498 -2736.3972418    2689.3452460  -710.0728990
             4391.6617491    9.1880647   2605.8716466    4.4963916    6005.2897916     1.8371022    3399.4181450     1.2640319
     2500.00  481.1515686-3823.1328447    588.0952906-2099.9474187    3405.7192417 -2894.2643580    2817.6239511  -794.3169393
             4304.2844133    8.9457973   2688.0427093    4.5707605    6299.9835996     1.8498247    3611.9408903     1.2819102
     2600.00  484.0288656-3754.6194488    597.3048006-2164.8225418    3553.5863599 -3042.7900178    2956.2815593  -877.9674759
             4238.6483144    8.7570156   2762.1273424    4.6243180    6596.3763777     1.8562589    3834.2490352     1.2969837
     2700.00  486.6404907-3715.3090297    602.6661221-2222.8777962    3667.8632837 -3183.6539952    3065.1971616  -960.7761990
             4201.9495204    8.6346073   2825.5439183    4.6884068    6851.5172789     1.8679860    4025.9733606     1.3134468
     2800.00  489.0158989-3710.8462319    612.2204925-2275.9879490    3828.5293303 -3318.5768971    3216.3088378 -1042.5889481
             4199.8621309    8.5883959   2888.2084416    4.7175952    7147.1062274     1.8668020    4258.8977859     1.3241570
     2900.00  491.1807093-3745.4043700    618.5298393-2325.9429720    3959.7696400 -3449.2768189    3341.2398007 -1123.3338469
             4236.5850793    8.6253084   2944.4728113    4.7604378    7409.0464589     1.8710802    4464.5736476     1.3362027
     3000.00  493.1572750-3821.6959495    624.4285170-2374.4150406    4089.8352282 -3577.4220331    3465.4067112 -1203.0069925
             4314.8532245    8.7494466   2998.8435576    4.8025410    7667.2572613     1.8747106    4668.4137037     1.3471474
     3100.00  494.9651590-3940.8745848    632.1033584-2422.9078373    4243.7014733 -3704.5601206    3611.5981149 -1281.6522832
             4435.8397439    8.9619232   3055.0111957    4.8330881    7948.2615938     1.8729549    4893.2503981     1.3548712
     3200.00  496.6215324-4102.6536969    636.3913533-2472.7613935    4361.6856664 -3832.1193971    3725.2943131 -1359.3580036
             4599.2752293    9.2611273   3109.1527468    4.8855987    8193.8050635     1.8785868    5084.6523167     1.3648995
     3300.00  498.1415094-4305.2676723    643.5227770-2525.1249378    4516.9229632 -3961.3685885    3873.4001863 -1436.2436507
             4803.4091817    9.6426599   3168.6477148    4.9239092    8478.2915517     1.8770060    5309.6438369     1.3707966
     3400.00  499.5384295-4545.3948240    648.7851273-2580.9223075    4652.7783989 -4093.3661988    4003.9932716 -1512.4438914
             5044.9332535   10.0991895   3229.7074348    4.9780849    8746.1445978     1.8797681    5516.4371630     1.3777339
     3500.00  500.8240969-4818.3116841    652.7903775-2640.8770402    4775.2269788 -4228.9893069    4122.4366014 -1588.1122667
             5319.1357810   10.6207665   3293.6674176    5.0455208    9004.2162858     1.8856101    5710.5488681     1.3852363
     3600.00  502.0089830-5117.7539056    659.4259610-2705.4685775    4935.2319785 -4368.8714756    4275.8060176 -1663.4028981
             5619.7628885   11.1945465   3364.8945385    5.1027632    9304.1034541     1.8852414    5939.2089156     1.3890267
     3700.00  503.1023992-5435.9683331    662.9856081-2774.9338114    5056.8729395 -4513.3999539    4393.8873314 -1738.4661425
             5939.0707323   11.8048945   3437.9194195    5.1855114    9570.2728934     1.8925279    6132.3534738     1.3956556
     3800.00  504.1126449-5763.7069429    668.3519821-2849.2614863    5206.1074415 -4662.7055915    4537.7554594 -1813.4441052
             6267.8195878   12.4333711   3517.6134684    5.2631152    9868.8130330     1.8956222    6351.1995646     1.3996346
     3900.00  505.0471336-6090.2841207    672.8965120-2928.1973360    5346.6856503 -4816.6652328    4673.7891383 -1888.4678969
             6595.3312543   13.0588431   3601.0938479    5.3516310   10163.3508831     1.9008694    6562.2570352     1.4040550
     4000.00  505.9125019-6403.4325693    675.2207074-3011.2037312    5456.8165514 -4974.8450063    4781.5958441 -1963.6412751
             6909.3450713   13.6571938   3686.4244386    5.4595844   10431.6615577     1.9116753    6745.2371191     1.4106665
0                                                                                                       I-C8H18                   
1


     4100.00  506.7147030-6689.4777908    676.1938876-3097.4992361    5547.3720024 -5136.5502236    4871.1781148 -2039.0509875
             7196.1924938   14.2016651   3773.6931237    5.5807856   10683.9222260     1.9259430    6910.2291023     1.4185950
     4200.00  507.4590876-6933.1944200    676.2875882-3186.0182407    5624.2754845 -5300.7685943    4947.9878963 -2114.7503536
             7440.6535076   14.6625683   3862.3058289    5.7110405   10925.0440788     1.9424803    7062.7382499     1.4273960
     4300.00  508.1504743-7117.9503178    675.7842117-3275.4425617    5691.1127428 -5466.2094368    5015.3285310 -2190.7668750
             7626.1007921   15.0075641   3951.2267734    5.8468764   11157.3221795     1.9604817    7206.0954061     1.4368142
     4400.00  508.7932105-7225.5824529    674.8646622-3364.1706165    5750.2199248 -5631.2612432    5075.3552626 -2267.0906267
             7734.3756634   15.2014129   4039.0352786    5.9849560   11381.4811679     1.9793123    7342.4458893     1.4466861
     4500.00  509.3912252-7236.3057346    673.6505539-3450.2874137    5803.2041157 -5793.9479145    5129.5535618 -2343.6605008
             7745.6969597   15.2057919   4123.9379675    6.1217763   11597.1520302     1.9984050    7473.2140626     1.4568937
     4600.00  509.9480755-7129.1019261    674.5852983-3531.6647884    5891.7765000 -5952.0621240    5217.1912017 -2420.3973356
             7639.0500016   14.9800546   4206.2500867    6.2353124   11843.8386240     2.0102322    7637.5885373     1.4639273
     4700.00  510.4669872-6881.2482705    674.9258865-3605.8374724    5970.1785259 -6102.9968286    5295.2526394 -2497.1593561
             7391.7152578   14.4803003   4280.7633590    6.3425680   12073.1753545     2.0222470    7792.4119955     1.4715846
     4800.00  510.9508904-6468.6664544    674.6940147-3670.0896970    6038.1556955 -6243.8593711    5363.4616808 -2573.7696740
             6979.6173448   13.6600552   4344.7837117    6.4396358   12282.0150665     2.0340673    7937.2313548     1.4798710
     4900.00  511.4024504-5865.6543977    674.0574822-3721.3908316    6098.1605660 -6371.3854721    5424.1030838 -2649.9946405
             6377.0568480   12.4697425   4395.4483138    6.5208805   12469.5460381     2.0448045    8074.0977243     1.4885590
     5000.00  511.8240954-5045.1761457  *************-3756.4582283  ************** -6482.0187864  ************** -2725.5605581
             5557.0002411   10.8572463  *************    0.8200498  **************     0.9836559  **************     0.9927458
   MAX-REL ERR CP/R  = 15.205791    TEMP =  4500.      AVER REL ERR CP/R  = 10.537329      REL LST SQ ERR CP/R  = 10.961723
   MAX REL ERR HH/RT =  6.520881    TEMP =  4900.      AVER REL ERR HH/RT =  4.426003      REL LST SQ ERR HH/RT =  4.677443
   MAX REL ERR S/R   =  2.044805    TEMP =  4900.      AVER REL ERR S/R   =  1.729605      REL LST SQ ERR S/R   =  1.770797
   MAX REL ERR FH/RT =  1.488559    TEMP =  4900.      AVER REL ERR FH/RT =  1.242421      REL LST SQ ERR FH/RT =  1.270983
       MAX ERR CP/R  =**********    TEMP.=  4500.          AVER ERR CP/R  =**********          LST SQ ERR CP/R  =**********
       MAX ERR HH/RT =**********    TEMP =  5000.          AVER ERR HH/RT =**********          LST SQ ERR HH/RT =**********
       MAX ERR S/R   =**********    TEMP =  5000.          AVER ERR S/R   =**********          LST SQ ERR S/R   =**********
       MAX ERR FH/RT =**********    TEMP =  5000.          AVER ERR FH/RT =**********          LST SQ ERR FH/RT =**********
 CP/R =    3.2040013E+04T** 0.0  -5.7122522E+01T** 1.0   3.2039920E-02T** 2.0  -7.5234471E-06T** 3.0   6.2073646E-10T** 4.0

 (H-H0)/R CONSTANT = -0.12369200E+08, H/R(A6) CONSTANT =-0.12400012E+08, S/R CONSTANT =-0.17777251E+06
0-8-18           I-P10/74C   8H  18    0    0G   298.150  5000.000    114.23020 1
  0.32040014E+05-0.57122520E+02 0.32039922E-01-0.75234470E-05 0.62073646E-09    2
 -0.12400012E+08-0.17777250E+06-0.70351821E+00 0.84691457E-01-0.12031940E-04    3
 -0.37219010E-07 0.19963307E-10-0.30321680E+05 0.30470112E+02-0.26942540E+05    4
 
 
 
 
 
 
 
 
 
 
 
 
0                                                                                    -8-18              I-C8H18                   
1


0-8-18              C8H18                   
0ASSIGNED H/R AT   0 K =  -30812.322 K
0        T        CP/R        (H-H0)/RT    (H-H298)/RT      S/R        -(G-H0)/RT   -(G-H298)/RT        H/RT            -G/RT


       200.00    15.70558     9.9260665    -9.4228439    43.6595985    33.7335320    53.0824424    -144.1355440     187.7951425
       298.15    22.66011    12.9793127     0.0000000    50.9814833    38.0021706    50.9814833     -90.3657220     141.3472053
       300.00    22.78592    13.0502404     0.1509668    51.1173562    38.0671158    50.9663894     -89.6575000     140.7748562
       400.00    29.41839    16.3295746     6.6551194    58.5449181    42.2153435    51.8897987     -60.7012307     119.2461488
       500.00    35.29100    19.5351028    11.7955386    65.7309379    46.1958351    53.9353993     -42.0895414     107.8204793
       600.00    40.35845    22.5946964    16.1450596    72.6150288    50.0203323    56.4699691     -28.7591737     101.3742025
       700.00    44.73649    25.4558766    19.9276165    79.1569226    53.7010460    59.2293061     -18.5617264      97.7186490
       800.00    48.51066    28.1175649    23.2803373    85.3465612    57.2289963    62.0662239     -10.3978378      95.7443989
       900.00    51.78161    30.5288400    26.2290822    91.2845850    60.7557449    65.0555028      -3.7070734      94.9916584
      1000.00    54.70030    32.8101160    28.9403339    96.8703577    64.0602417    67.9300238       1.9977939      94.8725638
      1100.00   377.34949   119.4229177   115.9049340   362.5225962   243.0996785   246.6176622      91.4117158     271.1108804
      1200.00   392.30724   190.9614187   187.7366003   617.6394563   426.6780376   429.9028560     165.2844836     452.3549726
      1300.00   405.31221   252.9160928   249.9393374   872.8872682   619.9711754   622.9479308     229.2143066     643.6729616
      1400.00   416.66213   313.0581007   310.2939707  1158.9588358   845.9007351   848.6648652     291.0492992     867.9095366
      1500.00   426.60524   364.8655514   362.2856966  1437.9194710  1073.0539196  1075.6337744     344.3240033    1093.5954677
      1600.00   435.34845   409.3211335   406.9025197  1706.8786924  1297.5575589  1299.9761727     390.0634322    1316.8152602
      1700.00   443.06441   446.9618759   444.6855334  1961.5071726  1514.5452968  1516.8216392     428.8369805    1532.6701921
      1800.00   449.89756   484.5301150   482.3802361  2239.9668406  1755.4367256  1757.5866045     467.4121583    1772.5546823
      1900.00   455.96909   519.8358454   517.7991180  2527.0040220  2007.1681765  2009.2049040     503.6188338    2023.3851882
      2000.00   461.38106   540.1515824   538.2166914  2725.2619121  2185.1103297  2187.0452207     524.7454214    2200.5164907
      2100.00   466.21969   551.6740980   549.8313446  2866.8691653  2315.1950674  2317.0378207     537.0015636    2329.8676017
      2200.00   470.55814   558.6417088   556.8827169  2977.0791195  2418.4374107  2420.1964026     544.6361078    2432.4430117
      2300.00   474.45871   571.6823655   569.9998515  3142.3886074  2570.7062419  2572.3887559     558.2857037    2584.1029037
      2400.00   477.97462   579.5473039   577.9348946  3268.8925498  2689.3452460  2690.9576552     566.7088363    2702.1837135
      2500.00   481.15157   588.0952906   586.5473777  3405.7192417  2817.6239511  2819.1718639     575.7703617    2829.9488799
      2600.00   484.02887   597.3048006   595.8164228  3553.5863599  2956.2815593  2957.7699370     585.4539074    2968.1324524
      2700.00   486.64049   602.6661221   601.2328695  3667.8632837  3065.1971616  3066.6304142     591.2541510    3076.6091328
      2800.00   489.01590   612.2204925   610.8384275  3828.5293303  3216.3088378  3217.6909028     601.2160918    3227.3132386
      2900.00   491.18071   618.5298393   617.1954317  3959.7696400  3341.2398007  3342.5742083     607.9049007    3351.8647394
      3000.00   493.15728   624.4285170   623.1385897  4089.8352282  3465.4067112  3466.6966386     614.1577430    3475.6774852
      3100.00   494.96516   632.1033584   630.8550416  4243.7014733  3611.5981149  3612.8464317     622.1638997    3621.5375736
      3200.00   496.62153   636.3913533   635.1820464  4361.6856664  3725.2943131  3726.5036200     626.7625026    3734.9231638
      3300.00   498.14151   643.5227770   642.3501157  4516.9229632  3873.4001863  3874.5728475     634.1857097    3882.7372536
      3400.00   499.53843   648.7851273   647.6469561  4652.7783989  4003.9932716  4005.1314428     639.7226796    4013.0557193
      3500.00   500.82410   652.7903775   651.6847254  4775.2269788  4122.4366014  4123.5422534     643.9868568    4131.2401220
      3600.00   502.00898   659.4259610   658.3510215  4935.2319785  4275.8060176  4276.8809570     650.8669826    4284.3649959
      3700.00   503.10240   662.9856081   661.9397211  5056.8729395  4393.8873314  4394.9332184     654.6579535    4402.2149860
      3800.00   504.11264   668.3519821   667.3336184  5206.1074415  4537.7554594  4538.7738231     660.2434763    4545.8639652
      3900.00   505.04713   672.8965120   671.9042601  5346.6856503  4673.7891383  4674.7813901     664.9959166    4681.6897337
      4000.00   505.91250   675.2207074   674.2532618  5456.8165514  4781.5958441  4782.5632896     667.5176268    4789.2989246
      4100.00   506.71470   676.1938876   675.2500383  5547.3720024  4871.1781148  4872.1219641     668.6786871    4878.6933153
0                                                                                    -8-18              I-C8H18                   
1


      4200.00   507.45909   676.2875882   675.3662115  5624.2754845  4947.9878963  4948.9092730     668.9513210    4955.3241635
      4300.00   508.15047   675.7842117   674.8842624  5691.1127428  5015.3285310  5016.2284804     668.6185554    5022.4941874
      4400.00   508.79321   674.8646622   673.9851662  5750.2199248  5075.3552626  5076.2347585     667.8618617    5082.3580631
      4500.00   509.39123   673.6505539   672.7906023  5803.2041157  5129.5535618  5130.4135134     666.8033712    5136.4007445
      4600.00   509.94808   674.5852983   673.7440413  5891.7765000  5217.1912017  5218.0324587     667.8869674    5223.8895326
      4700.00   510.46699   674.9258865   674.1025286  5970.1785259  5295.2526394  5296.0759973     668.3700733    5301.8084526
      4800.00   510.95089   674.6940147   673.8878101  6038.1556955  5363.4616808  5364.2678854     668.2747809    5369.8809146
      4900.00   511.40245   674.0574822   673.2677307  6098.1605660  5424.1030838  5424.8928353     667.7692532    5430.3913128
      5000.00   511.82410-20874.9825502-20875.7565066******************************************  -20881.1450146 -375715.6513484
 
 
 
 
 
 
 
 
 
 
 
 
 
 
 
 
 
 
 
 
 
 
 
 
 
 
 
 
 
 
 
 
 
 
 
 
 
 
 
 
0                                                                                    -8-18              I-C8H18                   
1


0-8-18              C8H18                   
0ASSIGNED H AT   0 K = -256186.320 J/MOLE-K
0        T          CP           H-H0          H-H298        S           -(G-H0)      -(G-H298)           H              -G
       DEG-K     J/MOL-K        J/MOL          J/MOL      J/MOL-K         J/MOL         J/MOL           J/MOL           J/MOL

       200.00   130.58264     16505.880    -15669.080    363.003860     56094.892     88269.852     -239680.440      312281.212
       298.15   188.40551     32174.960         0.000    423.881022     94205.167    126380.127     -224011.360      350391.487
       300.00   189.45151     32551.520       376.560    425.010725     94951.698    127126.658     -223634.800      351138.018
       400.00   244.59664     54308.320     22133.360    486.766530    140398.292    172573.252     -201878.000      396584.612
       500.00   293.42391     81211.440     49036.480    546.514055    192045.587    224220.547     -174974.880      448231.907
       600.00   335.55679    112716.960     80542.000    603.751218    249533.771    281708.731     -143469.360      505720.091
       700.00   371.95761    148155.440    115980.480    658.143214    312544.810    344719.770     -108030.880      568731.130
       800.00   403.33761    187024.800    154849.840    709.606415    380660.332    412835.292      -69161.520      636846.652
       900.00   430.53361    228446.400    196271.440    758.977587    454633.429    486808.389      -27739.920      710819.749
      1000.00   454.80079    272796.800    240621.840    805.419999    532623.199    564798.159       16610.480      788809.519
      1100.00  3137.43889   1092224.385   1060049.425   3014.161980   2223353.793   2255528.753      836038.065     2479540.113
      1200.00  3261.80378   1905278.140   1873103.180   5135.308492   4257092.051   4289267.011     1649091.820     4513278.371
      1300.00  3369.93243   2733702.955   2701527.995   7257.543791   6701103.973   6733278.933     2477516.635     6957290.293
      1400.00  3464.30032   3644051.346   3611876.386   9636.060473   9846433.316   9878608.276     3387865.026    10102619.636
      1500.00  3546.97147   4550463.410   4518288.450  11955.453938  13382717.498  13414892.458     4294277.090    13638903.818
      1600.00  3619.66608   5445222.831   5413047.871  14191.691536  17261483.626  17293658.586     5189036.511    17517669.946
      1700.00  3683.81975   6317582.302   6285407.342  16308.777456  21407339.373  21439514.333     6061395.982    21663525.693
      1800.00  3740.63336   7251448.819   7219273.859  18624.005674  26271761.394  26303936.354     6995262.499    26527947.714
      1900.00  3791.11460   8212045.180   8179870.220  21010.550866  31708001.466  31740176.426     7955858.860    31964187.786
      2000.00  3836.11189   8982084.872   8949909.912  22658.948514  36335812.156  36367987.116     8725898.552    36591998.476
      2100.00  3876.34226   9632375.276   9600200.316  23836.329464  40423916.599  40456091.559     9376188.956    40680102.919
      2200.00  3912.41394  10218509.294  10186334.334  24752.660355  44237343.488  44269518.448     9962322.974    44493529.808
      2300.00  3944.84484  10932365.371  10900190.411  26127.111434  49159990.927  49192165.887    10676179.051    49416177.247
      2400.00  3974.07762  11564627.204  11532452.244  27178.917246  53664774.188  53696949.148    11308440.884    53920960.508
      2500.00  4000.49205  12224165.365  12191990.405  28316.550643  58567211.242  58599386.202    11967979.045    58823397.562
      2600.00  4024.41508  12912218.280  12880043.320  29545.978686  63907326.302  63939501.262    12656031.960    64163512.622
      2700.00  4046.12921  13529197.888  13497022.928  30496.124036  68810337.008  68842511.968    13273011.568    69066523.328
      2800.00  4065.87933  14252708.395  14220533.435  31831.967634  74876800.979  74908975.939    13996522.075    75132987.299
      2900.00  4083.87845  14913863.358  14881688.398  32923.153551  80563281.941  80595456.901    14657677.038    80819468.261
      3000.00  4100.31243  15575266.607  15543091.647  34004.572351  86438450.447  86470625.407    15319080.287    86694636.767
      3100.00  4115.34393  16292258.703  16260083.743  35283.879602  93087768.063  93119943.023    16036072.383    93343954.383
      3200.00  4129.11569  16931902.325  16899727.365  36264.848714  99115613.559  99147788.519    16675716.005    99371799.879
      3300.00  4141.75341  17656693.120  17624518.160  37555.555453 106276639.875 106308814.835    17400506.800   106532826.195
      3400.00  4153.36798  18340505.801  18308330.841  38685.113427 113188879.851 113221054.811    18084319.481   113445066.171
      3500.00  4164.05754  18996486.982  18964312.022  39703.201287 119964717.521 119996892.481    18740300.662   120220903.841
      3600.00  4173.90917  19737859.248  19705684.288  41033.548669 127982915.959 128015090.919    19481672.928   128239102.279
      3700.00  4183.00029  20395639.686  20363464.726  42044.921652 135170570.427 135202745.387    20139453.366   135426756.747
      3800.00  4191.39989  21116422.507  21084247.547  43285.718687 143369308.503 143401483.463    20860236.187   143625494.823
      3900.00  4199.16961  21819479.688  21787304.728  44454.543738 151553240.889 151585415.849    21563293.368   151809427.209
      4000.00  4206.36464  22456250.793  22424075.833  45370.217350 159024618.607 159056793.567    22200064.473   159280804.927
      4100.00  4213.03447  23050831.887  23018656.927  46123.132617 166054011.843 166086186.803    22794645.567   166310198.163
0                                                                                    -8-18              I-C8H18                   
1


      4200.00  4219.22359  23616319.373  23584144.413  46762.539800 172786347.786 172818522.746    23360133.053   173042534.106
      4300.00  4224.97206  24160615.992  24128441.032  47318.252257 179307868.714 179340043.674    23904429.672   179564055.034
      4400.00  4230.31603  24688850.524  24656675.564  47809.693681 185673801.672 185705976.632    24432664.204   185929987.992
      4500.00  4235.28817  25204535.083  25172360.123  48250.226038 191921482.088 191953657.048    24948348.763   192177668.408
      4600.00  4239.91806  25800386.372  25768211.412  48986.653274 199538218.688 199570393.648    25544200.052   199794405.008
      4700.00  4244.23250  26374573.751  26342398.791  49638.519966 206926470.089 206958645.049    26118387.431   207182656.409
      4800.00  4248.25587  26926481.080  26894306.120  50203.710114 214051327.469 214083502.429    26670294.760   214307513.789
      4900.00  4252.01033  27461516.712  27429341.752  50702.615290 220981298.210 221013473.170    27205330.392   221237484.530
      5000.00  4255.51606-867815956.935-867848131.895******************************************  -868072143.255-15619272338.390
 
 
 
 
 
 
 
 
 
 
 
 
 
 
 
 
 
 
 
 
 
 
 
 
 
 
 
 
 
 
 
 
 
 
 
 
 
 
 
 
0                                                                                    -8-18              I-C8H18                   
1


0-8-18              C8H18                   
0ASSIGNED H AT   0 K =  -61230.000 CAL/MOLE-K
0        T          CP           H-H0          H-H298        S           -(G-H0)      -(G-H298)           H              -G
       DEG-K    CAL/MOL-K       CAL/MOL       CAL/MOL    CAL/MOL-K       CAL/MOL       CAL/MOL         CAL/MOL         CAL/MOL

       200.00    31.21000      3945.000     -3745.000     86.760005     13407.001     21097.001      -57285.000       74637.001
       298.15    45.03000      7690.000         0.000    101.309996     22515.575     30205.575      -53540.000       83745.575
       300.00    45.28000      7780.000        90.000    101.580001     22694.000     30384.000      -53450.000       83924.000
       400.00    58.46000     12980.000      5290.000    116.339993     33555.997     41245.997      -48250.000       94785.997
       500.00    70.13000     19410.000     11720.000    130.619994     45899.997     53589.997      -41820.000      107129.997
       600.00    80.20000     26940.000     19250.000    144.300004     59640.003     67330.003      -34290.000      120870.003
       700.00    88.90000     35410.000     27720.000    157.300003     74700.002     82390.002      -25820.000      135930.002
       800.00    96.40000     44700.000     37010.000    169.600004     90980.003     98670.003      -16530.000      152210.003
       900.00   102.90000     54600.000     46910.000    181.399997    108659.997    116349.997       -6630.000      169889.997
      1000.00   108.70000     65200.000     57510.000    192.500000    127300.000    134990.000        3970.000      188530.000
      1100.00   749.86589    261047.893    253357.893    720.402003    531394.310    539084.310      199817.893      592624.310
      1200.00   779.58981    455372.404    447682.404   1227.368186   1017469.419   1025159.419      394142.404     1078699.419
      1300.00   805.43318    653370.687    645680.687   1734.594596   1601602.288   1609292.288      592140.687     1662832.288
      1400.00   827.98765    870949.175    863259.175   2303.073727   2353354.043   2361044.043      809719.175     2414584.043
      1500.00   847.74653   1087586.857   1079896.857   2857.422069   3198546.247   3206236.247     1026356.857     3259776.247
      1600.00   865.12096   1301439.491   1293749.491   3391.895683   4125593.601   4133283.601     1240209.491     4186823.601
      1700.00   880.45405   1509938.409   1502248.409   3897.891361   5116476.906   5124166.906     1448708.409     5177706.906
      1800.00   894.03283   1733137.863   1725447.863   4451.244186   6279101.672   6286791.672     1671907.863     6340331.672
      1900.00   906.09813   1962725.903   1955035.903   5021.642176   7578394.232   7586084.232     1901495.903     7639624.232
      2000.00   916.85275   2146769.807   2139079.807   5415.618670   8684467.532   8692157.532     2085539.807     8745697.532
      2100.00   926.46804   2302192.944   2294502.944   5697.019470   9661547.944   9669237.944     2240962.944     9722777.944
      2200.00   935.08937   2442282.336   2434592.336   5916.027810  10572978.845  10580668.845     2381052.336    10634208.845
      2300.00   942.84054   2612898.033   2605208.033   6244.529501  11749519.820  11757209.820     2551668.033    11810749.820
      2400.00   949.82735   2764012.238   2756322.238   6495.917124  12826188.859  12833878.859     2702782.238    12887418.859
      2500.00   956.14055   2921645.642   2913955.642   6767.818031  13997899.436  14005589.436     2860415.642    14059129.436
      2600.00   961.85829   3086094.235   3078404.235   7061.658386  15274217.567  15281907.567     3024864.235    15335447.567
      2700.00   967.04809   3233555.901   3225865.901   7288.748575  16446065.251  16453755.251     3172325.901    16507295.251
      2800.00   971.76848   3406479.062   3398789.062   7608.022857  17895984.938  17903674.938     3345249.062    17957214.938
      2900.00   976.07038   3564498.890   3556808.890   7868.822551  19255086.506  19262776.506     3503268.890    19316316.506
      3000.00   979.99819   3722578.061   3714888.061   8127.287847  20659285.480  20666975.480     3661348.061    20720515.480
      3100.00   983.59080   3893943.285   3886253.285   8433.049618  22248510.531  22256200.531     3832713.285    22309740.531
      3200.00   986.88234   4046821.779   4039131.779   8667.506863  23689200.181  23696890.181     3985591.779    23750430.181
      3300.00   989.90282   4220050.937   4212360.937   8975.993177  25400726.548  25408416.548     4158820.937    25461956.548
      3400.00   992.67877   4383486.090   4375796.090   9245.964012  27052791.551  27060481.551     4322256.090    27114021.551
      3500.00   995.23364   4540269.355   4532579.355   9489.292851  28672255.622  28679945.622     4479039.355    28733485.622
      3600.00   997.58823   4717461.579   4709771.579   9807.253506  30588651.042  30596341.042     4656231.579    30649881.042
      3700.00   999.76106   4874674.877   4866984.877  10048.977450  32306541.689  32314231.689     4813444.877    32367771.689
      3800.00  1001.76862   5046946.106   5039256.106  10345.535059  34266087.118  34273777.118     4985716.106    34327317.118
      3900.00  1003.62562   5214980.805   5207290.805  10624.890951  36222093.903  36229783.903     5153750.805    36283323.903
      4000.00  1005.34528   5367172.752   5359482.752  10843.742196  38007796.034  38015486.034     5305942.752    38069026.034
      4100.00  1006.93940   5509281.044   5501591.044  11023.693264  39687861.339  39695551.339     5448051.044    39749091.339
0                                                                                    -8-18              I-C8H18                   
1


      4200.00  1008.41864   5644435.797   5636745.797  11176.515249  41296928.247  41304618.247     5583205.797    41358158.247
      4300.00  1009.79256   5774525.811   5766835.811  11309.333714  42855609.157  42863299.157     5713295.811    42916839.157
      4400.00  1011.06980   5900776.894   5893086.894  11426.791033  44377103.650  44384793.650     5839546.894    44438333.650
      4500.00  1012.25817   6024028.461   6016338.461  11532.080793  45870335.107  45878025.107     5962798.461    45931565.107
      4600.00  1013.36474   6166440.337   6158750.337  11708.091127  47690778.845  47698468.845     6105210.337    47752008.845
      4700.00  1014.39591   6303674.415   6295984.415  11863.891005  49456613.310  49464303.310     6242444.415    49517843.310
      4800.00  1015.35752   6435583.432   6427893.432  11998.974693  51159495.093  51167185.093     6374353.432    51220725.093
      4900.00  1016.25486   6563460.017   6555770.017  12118.215892  52815797.851  52823487.851     6502230.017    52877027.851
      5000.00  1017.09275-207412991.619-207420681.619-788113.980958****************************  -207474221.619 -3733095683.172
 
 
 
 
 
 
 
 
 
 
 
 
 
 
 
 
 
 
 
 
 
 
 
 
 
 
 
 
 
 
 
 
 
 
 
 
 
 
 
 
0                                                                                    -8-18              I-C8H18                   
1


 -8-18              C8H18                   
0     T         CP        H-H298        S      -(G-H298)/T      H        DELTA H      LOG K
    DEG-K    J/MOL-K      KJ/MOL     J/MOL-K     J/MOL-K      KJ/MOL      KJ/MOL

      0      -------     -32.175     -------     -------    -256.186    -171.568     -------
     200     130.583     -15.669     363.004     441.349    -239.680    -209.392     16.2739
     298.15  188.406       0.000     423.881     423.881    -224.011    -224.011     -2.3950
     300     189.452       0.377     425.011     423.756    -223.635    -224.258     -2.6424
     400     244.597      22.133     486.767     431.433    -201.878    -236.802    -12.6885
     500     293.424      49.036     546.514     448.441    -174.975    -246.832    -19.0018
 
     600     335.557      80.542     603.751     469.515    -143.469    -254.305    -23.3701
     700     371.958     115.980     658.143     492.457    -108.031    -259.494    -26.5727
     800     403.338     154.850     709.606     516.044     -69.162    -262.574    -29.0305
     900     430.534     196.271     758.978     540.898     -27.740    -264.227    -30.9070
    1000     454.801     240.622     805.420     564.798      16.610    -263.885    -32.4532
 
    1100    3137.439    1060.049    3014.162    2050.481     836.038     510.665     42.6499
    1200    3261.804    1873.103    5135.308    3574.389    1649.092    1277.995    119.9869
    1300    3369.932    2701.528    7257.544    5179.445    2477.517    2059.918    201.7575
    1400    3464.300    3611.876    9636.060    7056.149    3387.865    2923.087    297.8787
    1500    3546.971    4518.288   11955.454    8943.262    4294.277    3781.605    394.6787
 
    1600    3619.666    5413.048   14191.692   10808.537    5189.037    4627.892    490.4544
    1700    3683.820    6285.407   16308.777   12611.479    6061.396    5451.134    583.0749
    1800    3740.633    7219.274   18624.006   14613.298    6995.262    6335.341    686.1723
    1900    3791.115    8179.870   21010.551   16705.356    7955.859    7245.770    794.0608
    2000    3836.112    8949.910   22658.949   18183.994    8725.899    7965.103    869.9773
 
    2100    3876.342    9600.200   23836.329   19264.806    9376.189    8564.252    925.1766
    2200    3912.414   10186.334   24752.660   20122.508    9962.323    9098.771    968.7798
    2300    3944.845   10900.190   26127.111   21387.898   10676.179    9760.615   1033.7254
    2400    3974.078   11532.452   27178.917   22373.729   11308.441   10340.434   1084.1158
    2500    4000.492   12191.990   28316.551   23439.754   11967.979   10947.199   1138.7383
 
    2600    4024.415   12880.043   29545.979   24592.116   12656.032   11582.047   1197.9098
    2700    4046.129   13497.023   30496.124   25497.227   13273.012   12145.496   1244.2013
    2800    4065.879   14220.533   31831.968   26753.206   13996.522   12815.112   1308.8555
    2900    4083.878   14881.688   32923.154   27791.537   14657.677   13422.083   1362.1695
    3000    4100.312   15543.092   34004.572   28823.542   15319.080   14028.981   1415.1819
 
    3100    4115.344   16260.084   35283.880   30038.691   16036.072   14691.174   1477.7891
    3200    4129.116   16899.727   36264.849   30983.684   16675.716   15275.659   1526.3105
    3300    4141.753   17624.518   37555.555   32214.792   17400.507   15945.074   1589.7983
    3400    4153.368   18308.331   38685.113   33300.310   18084.319   16573.151   1645.7050
    3500    4164.058   18964.312   39703.201   34284.826   18740.301   17173.179   1696.3556
 
    3600    4173.909   19705.684   41033.549   35559.747   19481.673   17858.309   1762.1961
    3700    4183.000   20363.465   42044.922   36541.283   20139.453   18459.559   1812.7305
0                                                                                    -8-18              I-C8H18                   
1


    3800    4191.400   21084.248   43285.719   37737.232   20860.236   19123.556   1874.4814
    3900    4199.170   21787.305   44454.544   38868.055   21563.293   19769.542   1932.8490
    4000    4206.365   22424.076   45370.217   39764.198   22200.064   20348.988   1978.9712
 
    4100    4213.034   23018.657   46123.133   40508.826   22794.646   20885.992   2017.1958
    4200    4219.224   23584.144   46762.540   41147.267   23360.133   21393.685   2049.8879
    4300    4224.972   24128.441   47318.252   41706.987   23904.430   21879.899   2078.4834
    4400    4230.316   24656.676   47809.694   42205.904   24432.664   22349.799   2103.9138
    4500    4235.288   25172.360   48250.226   42656.368   24948.349   22806.894   2126.8281
 
    4600    4239.918   25768.211   48986.653   43384.868   25544.200   23343.943   2164.2759
    4700    4244.233   26342.399   49638.520   44033.754   26118.387   23859.039   2197.5783
    4800    4248.256   26894.306   50203.710   44600.730   26670.295   24351.674   2226.6126
    4900    4252.010   27429.342   50702.615   45104.790   27205.330   24827.188   2252.3699
    5000    4255.516 -867848.132-3297468.896-3123899.270 -868072.143 -870510.026-163277.7662
 
 
 
 
 
 
 
 
 
 
 
 
 
 
 
 
 
 
 
 
 
 
 
 
 
 
 
 
 
 
 
 
 
 
0                                                                                    -8-18              I-C8H18                   
1


 -8-18              C8H18                   
0     T         CP        H-H298        S      -(G-H298)/T      H        DELTA H      LOG K
    DEG-K   CAL/MOL-K    KCAL/MOL   CAL/MOL-K   CAL/MOL-K    KCAL/MOL    KCAL/MOL

      0      -------      -7.690     -------     -------     -61.230     -41.006     -------
     200      31.210      -3.745      86.760     105.485     -57.285     -50.046     16.2739
     298.15   45.030       0.000     101.310     101.310     -53.540     -53.540     -2.3950
     300      45.280       0.090     101.580     101.280     -53.450     -53.599     -2.6424
     400      58.460       5.290     116.340     103.115     -48.250     -56.597    -12.6885
     500      70.130      11.720     130.620     107.180     -41.820     -58.994    -19.0018
 
     600      80.200      19.250     144.300     112.217     -34.290     -60.780    -23.3701
     700      88.900      27.720     157.300     117.700     -25.820     -62.020    -26.5727
     800      96.400      37.010     169.600     123.338     -16.530     -62.757    -29.0305
     900     102.900      46.910     181.400     129.278      -6.630     -63.152    -30.9070
    1000     108.700      57.510     192.500     134.990       3.970     -63.070    -32.4532
 
    1100     749.866     253.358     720.402     490.077     199.818     122.052     42.6499
    1200     779.590     447.682    1227.368     854.300     394.142     305.448    119.9869
    1300     805.433     645.681    1734.595    1237.917     592.141     492.332    201.7575
    1400     827.988     863.259    2303.074    1686.460     809.719     698.635    297.8787
    1500     847.747    1079.897    2857.422    2137.491    1026.357     903.825    394.6787
 
    1600     865.121    1293.749    3391.896    2583.302    1240.209    1106.093    490.4544
    1700     880.454    1502.248    3897.891    3014.216    1448.708    1302.852    583.0749
    1800     894.033    1725.448    4451.244    3492.662    1671.908    1514.183    686.1723
    1900     906.098    1955.036    5021.642    3992.676    1901.496    1731.781    794.0608
    2000     916.853    2139.080    5415.619    4346.079    2085.540    1903.705    869.9773
 
    2100     926.468    2294.503    5697.019    4604.399    2240.963    2046.905    925.1766
    2200     935.089    2434.592    5916.028    4809.395    2381.052    2174.659    968.7798
    2300     942.841    2605.208    6244.530    5111.830    2551.668    2332.843   1033.7254
    2400     949.827    2756.322    6495.917    5347.450    2702.782    2471.423   1084.1158
    2500     956.141    2913.956    6767.818    5602.236    2860.416    2616.443   1138.7383
 
    2600     961.858    3078.404    7061.658    5877.657    3024.864    2768.176   1197.9098
    2700     967.048    3225.866    7288.749    6093.983    3172.326    2902.843   1244.2013
    2800     971.768    3398.789    7608.023    6394.170    3345.249    3062.885   1308.8555
    2900     976.070    3556.809    7868.823    6642.337    3503.269    3207.955   1362.1695
    3000     979.998    3714.888    8127.288    6888.992    3661.348    3353.007   1415.1819
 
    3100     983.591    3886.253    8433.050    7179.420    3832.713    3511.275   1477.7891
    3200     986.882    4039.132    8667.507    7405.278    3985.592    3650.970   1526.3105
    3300     989.903    4212.361    8975.993    7699.520    4158.821    3810.964   1589.7983
    3400     992.679    4375.796    9245.964    7958.965    4322.256    3961.078   1645.7050
    3500     995.234    4532.579    9489.293    8194.270    4479.039    4104.488   1696.3556
 
    3600     997.588    4709.772    9807.254    8498.984    4656.232    4268.238   1762.1961
    3700     999.761    4866.985   10048.977    8733.576    4813.445    4411.940   1812.7305
0                                                                                    -8-18              I-C8H18                   
1


    3800    1001.769    5039.256   10345.535    9019.415    4985.716    4570.639   1874.4814
    3900    1003.626    5207.291   10624.891    9289.688    5153.751    4725.034   1932.8490
    4000    1005.345    5359.483   10843.742    9503.872    5305.943    4863.525   1978.9712
 
    4100    1006.939    5501.591   11023.693    9681.842    5448.051    4991.872   2017.1958
    4200    1008.419    5636.746   11176.515    9834.433    5583.206    5113.213   2049.8879
    4300    1009.793    5766.836   11309.334    9968.209    5713.296    5229.421   2078.4834
    4400    1011.070    5893.087   11426.791   10087.453    5839.547    5341.730   2103.9138
    4500    1012.258    6016.338   11532.081   10195.117    5962.798    5450.979   2126.8281
 
    4600    1013.365    6158.750   11708.091   10369.232    6105.210    5579.336   2164.2759
    4700    1014.396    6295.984   11863.891   10524.320    6242.444    5702.447   2197.5783
    4800    1015.358    6427.893   11998.975   10659.830    6374.353    5820.190   2226.6126
    4900    1016.255    6555.770   12118.216   10780.304    6502.230    5933.840   2252.3699
    5000    1017.093 -207420.682 -788113.981 -746629.845 -207474.222 -208056.889-163277.7662
 
 
 
 
 
 
 
 
 
 
 
 
 
 
 
 
 
 
 
 
 
 
 
 
 
 
 
 
 
 
 
 
 
 
0                                                                                    -8-18              I-C8H18                   
1


